2020-03-26 10:11:19.642058: W tensorflow/stream_executor/platform/default/dso_loader.cc:55] Could not load dynamic library 'libnvinfer.so.6'; dlerror: libnvinfer.so.6: cannot open shared object file: No such file or directory; LD_LIBRARY_PATH: /usr/local/apps/cuda/cuda-9.0/lib64:/usr/local/apps/cuda/cuda-9.0/lib:/nfs/stak/users/ratzlafn/nccl/lib
2020-03-26 10:11:19.646511: W tensorflow/stream_executor/platform/default/dso_loader.cc:55] Could not load dynamic library 'libnvinfer_plugin.so.6'; dlerror: libnvinfer_plugin.so.6: cannot open shared object file: No such file or directory; LD_LIBRARY_PATH: /usr/local/apps/cuda/cuda-9.0/lib64:/usr/local/apps/cuda/cuda-9.0/lib:/nfs/stak/users/ratzlafn/nccl/lib
2020-03-26 10:11:19.647008: W tensorflow/compiler/tf2tensorrt/utils/py_utils.cc:30] Cannot dlopen some TensorRT libraries. If you would like to use Nvidia GPU with TensorRT, please make sure the missing libraries mentioned above are installed properly.
2020-03-26 10:11:44,454 - root - INFO: steps 0, 82241254.90 steps/s
2020-03-26 10:11:45,175 - root - INFO: steps 0, ep_return_test -8.20(0.02)
2020-03-26 10:11:48,623 - root - INFO: ep: 1| steps: 252| total_steps: 251| return_train: -13.600| ep_upright: 0| total_upright: 0| total_return: -13.600
2020-03-26 10:11:56,583 - root - INFO: ep: 2| steps: 583| total_steps: 834| return_train: -30.500| ep_upright: 12| total_upright: 12| total_return: -44.100
2020-03-26 10:11:58,837 - root - INFO: steps 1000, 69.53 steps/s
2020-03-26 10:11:59,842 - root - INFO: ep: 3| steps: 240| total_steps: 1074| return_train: -17.700| ep_upright: 0| total_upright: 12| total_return: -61.800
2020-03-26 10:12:02,518 - root - INFO: ep: 4| steps: 197| total_steps: 1271| return_train: -13.600| ep_upright: 0| total_upright: 12| total_return: -75.400
2020-03-26 10:12:04,281 - root - INFO: ep: 5| steps: 129| total_steps: 1400| return_train: -9.900| ep_upright: 0| total_upright: 12| total_return: -85.300
2020-03-26 10:12:06,423 - root - INFO: ep: 6| steps: 156| total_steps: 1556| return_train: -13.600| ep_upright: 0| total_upright: 12| total_return: -98.900
2020-03-26 10:12:09,883 - root - INFO: ep: 7| steps: 252| total_steps: 1808| return_train: -15.300| ep_upright: 0| total_upright: 12| total_return: -114.200
2020-03-26 10:12:12,519 - root - INFO: steps 2000, 73.10 steps/s
2020-03-26 10:12:14,828 - root - INFO: ep: 8| steps: 361| total_steps: 2169| return_train: -10.500| ep_upright: 11| total_upright: 23| total_return: -124.700
2020-03-26 10:12:20,693 - root - INFO: ep: 9| steps: 431| total_steps: 2600| return_train: -26.000| ep_upright: 0| total_upright: 23| total_return: -150.700
2020-03-26 10:12:25,336 - root - INFO: ep: 10| steps: 341| total_steps: 2941| return_train: -21.600| ep_upright: 0| total_upright: 23| total_return: -172.300
2020-03-26 10:12:26,135 - root - INFO: steps 3000, 73.45 steps/s
2020-03-26 10:12:31,972 - root - INFO: ep: 11| steps: 488| total_steps: 3429| return_train: -21.700| ep_upright: 0| total_upright: 23| total_return: -194.000
2020-03-26 10:12:36,210 - root - INFO: ep: 12| steps: 311| total_steps: 3740| return_train: -18.400| ep_upright: 0| total_upright: 23| total_return: -212.400
2020-03-26 10:12:38,218 - root - INFO: ep: 13| steps: 147| total_steps: 3887| return_train: -11.300| ep_upright: 0| total_upright: 23| total_return: -223.700
2020-03-26 10:12:39,758 - root - INFO: steps 4000, 73.41 steps/s
2020-03-26 10:12:42,786 - root - INFO: ep: 14| steps: 334| total_steps: 4221| return_train: -20.000| ep_upright: 0| total_upright: 23| total_return: -243.700
2020-03-26 10:12:44,686 - root - INFO: ep: 15| steps: 138| total_steps: 4359| return_train: -7.700| ep_upright: 0| total_upright: 23| total_return: -251.400
2020-03-26 10:12:49,243 - root - INFO: ep: 16| steps: 334| total_steps: 4693| return_train: -18.400| ep_upright: 0| total_upright: 23| total_return: -269.800
2020-03-26 10:12:53,426 - root - INFO: steps 5000, 73.17 steps/s
2020-03-26 10:12:55,184 - root - INFO: steps 5000, ep_return_test -9.22(0.68)
2020-03-26 10:12:58,041 - root - INFO: ep: 17| steps: 515| total_steps: 5208| return_train: -26.800| ep_upright: 0| total_upright: 23| total_return: -296.600
2020-03-26 10:13:01,759 - root - INFO: ep: 18| steps: 272| total_steps: 5480| return_train: -21.400| ep_upright: 0| total_upright: 23| total_return: -318.000
2020-03-26 10:13:03,534 - root - INFO: ep: 19| steps: 130| total_steps: 5610| return_train: -10.800| ep_upright: 0| total_upright: 23| total_return: -328.800
2020-03-26 10:13:08,689 - root - INFO: ep: 20| steps: 373| total_steps: 5983| return_train: -9.900| ep_upright: 11| total_upright: 34| total_return: -338.700
2020-03-26 10:13:08,926 - root - INFO: steps 6000, 64.52 steps/s
2020-03-26 10:13:11,460 - root - INFO: ep: 21| steps: 199| total_steps: 6182| return_train: -15.200| ep_upright: 0| total_upright: 34| total_return: -353.900
2020-03-26 10:13:14,669 - root - INFO: ep: 22| steps: 230| total_steps: 6412| return_train: -13.600| ep_upright: 0| total_upright: 34| total_return: -367.500
2020-03-26 10:13:16,788 - root - INFO: ep: 23| steps: 154| total_steps: 6566| return_train: -11.100| ep_upright: 0| total_upright: 34| total_return: -378.600
2020-03-26 10:13:22,238 - root - INFO: ep: 24| steps: 398| total_steps: 6964| return_train: -25.300| ep_upright: 0| total_upright: 34| total_return: -403.900
2020-03-26 10:13:22,729 - root - INFO: steps 7000, 72.45 steps/s
2020-03-26 10:13:26,228 - root - INFO: ep: 25| steps: 292| total_steps: 7256| return_train: -21.400| ep_upright: 0| total_upright: 34| total_return: -425.300
2020-03-26 10:13:29,199 - root - INFO: ep: 26| steps: 216| total_steps: 7472| return_train: -14.300| ep_upright: 0| total_upright: 34| total_return: -439.600
2020-03-26 10:13:36,432 - root - INFO: steps 8000, 72.98 steps/s
2020-03-26 10:13:37,404 - root - INFO: ep: 27| steps: 599| total_steps: 8071| return_train: -37.500| ep_upright: 0| total_upright: 34| total_return: -477.100
2020-03-26 10:13:46,748 - root - INFO: ep: 28| steps: 670| total_steps: 8741| return_train: -41.800| ep_upright: 0| total_upright: 34| total_return: -518.900
2020-03-26 10:13:50,146 - root - INFO: ep: 29| steps: 239| total_steps: 8980| return_train: -17.600| ep_upright: 0| total_upright: 34| total_return: -536.500
2020-03-26 10:13:50,434 - root - INFO: steps 9000, 71.43 steps/s
2020-03-26 10:13:52,383 - root - INFO: ep: 30| steps: 155| total_steps: 9135| return_train: -11.700| ep_upright: 0| total_upright: 34| total_return: -548.200
2020-03-26 10:13:55,894 - root - INFO: ep: 31| steps: 245| total_steps: 9380| return_train: -12.600| ep_upright: 0| total_upright: 34| total_return: -560.800
2020-03-26 10:13:59,343 - root - INFO: ep: 32| steps: 243| total_steps: 9623| return_train: -17.100| ep_upright: 0| total_upright: 34| total_return: -577.900
2020-03-26 10:14:01,170 - root - INFO: ep: 33| steps: 129| total_steps: 9752| return_train: -8.000| ep_upright: 0| total_upright: 34| total_return: -585.900
2020-03-26 10:14:02,826 - root - INFO: ep: 34| steps: 117| total_steps: 9869| return_train: -9.800| ep_upright: 0| total_upright: 34| total_return: -595.700
2020-03-26 10:14:04,687 - root - INFO: steps 10000, 70.17 steps/s
2020-03-26 10:14:06,245 - root - INFO: steps 10000, ep_return_test -7.67(0.07)
2020-03-26 10:14:10,336 - root - INFO: ep: 35| steps: 420| total_steps: 10289| return_train: -11.200| ep_upright: 14| total_upright: 48| total_return: -606.900
2020-03-26 10:14:15,819 - root - INFO: ep: 36| steps: 392| total_steps: 10681| return_train: -24.200| ep_upright: 0| total_upright: 48| total_return: -631.100
2020-03-26 10:14:18,028 - root - INFO: ep: 37| steps: 161| total_steps: 10842| return_train: -8.700| ep_upright: 0| total_upright: 48| total_return: -639.800
2020-03-26 10:14:20,201 - root - INFO: steps 11000, 64.47 steps/s
2020-03-26 10:14:21,293 - root - INFO: ep: 38| steps: 237| total_steps: 11079| return_train: -18.100| ep_upright: 0| total_upright: 48| total_return: -657.900
2020-03-26 10:14:23,337 - root - INFO: ep: 39| steps: 149| total_steps: 11228| return_train: -12.900| ep_upright: 0| total_upright: 48| total_return: -670.800
2020-03-26 10:14:27,835 - root - INFO: ep: 40| steps: 324| total_steps: 11552| return_train: -17.400| ep_upright: 0| total_upright: 48| total_return: -688.200
2020-03-26 10:14:33,488 - root - INFO: ep: 41| steps: 408| total_steps: 11960| return_train: -9.900| ep_upright: 15| total_upright: 63| total_return: -698.100
2020-03-26 10:14:34,036 - root - INFO: steps 12000, 72.28 steps/s
2020-03-26 10:14:36,162 - root - INFO: ep: 42| steps: 195| total_steps: 12155| return_train: -13.600| ep_upright: 0| total_upright: 63| total_return: -711.700
2020-03-26 10:14:41,595 - root - INFO: ep: 43| steps: 394| total_steps: 12549| return_train: -24.800| ep_upright: 0| total_upright: 63| total_return: -736.500
2020-03-26 10:14:44,873 - root - INFO: ep: 44| steps: 237| total_steps: 12786| return_train: -17.200| ep_upright: 0| total_upright: 63| total_return: -753.700
2020-03-26 10:14:47,832 - root - INFO: steps 13000, 72.49 steps/s
2020-03-26 10:14:48,645 - root - INFO: ep: 45| steps: 273| total_steps: 13059| return_train: -1.300| ep_upright: 14| total_upright: 77| total_return: -755.000
2020-03-26 10:14:55,753 - root - INFO: ep: 46| steps: 516| total_steps: 13575| return_train: -30.700| ep_upright: 0| total_upright: 77| total_return: -785.700
2020-03-26 10:15:01,629 - root - INFO: steps 14000, 72.49 steps/s
2020-03-26 10:15:04,933 - root - INFO: ep: 47| steps: 665| total_steps: 14240| return_train: -42.700| ep_upright: 0| total_upright: 77| total_return: -828.400
2020-03-26 10:15:13,700 - root - INFO: ep: 48| steps: 631| total_steps: 14871| return_train: -40.300| ep_upright: 0| total_upright: 77| total_return: -868.700
2020-03-26 10:15:15,487 - root - INFO: steps 15000, 72.17 steps/s
2020-03-26 10:15:24,287 - root - INFO: steps 15000, ep_return_test 0.00(0.00)
2020-03-26 10:15:25,381 - root - INFO: ep: 49| steps: 208| total_steps: 15079| return_train: -12.600| ep_upright: 0| total_upright: 77| total_return: -881.300
2020-03-26 10:15:27,399 - root - INFO: ep: 50| steps: 147| total_steps: 15226| return_train: -11.000| ep_upright: 0| total_upright: 77| total_return: -892.300
2020-03-26 10:15:32,262 - root - INFO: ep: 51| steps: 352| total_steps: 15578| return_train: -25.200| ep_upright: 0| total_upright: 77| total_return: -917.500
2020-03-26 10:15:38,158 - root - INFO: steps 16000, 44.11 steps/s
2020-03-26 10:15:40,527 - root - INFO: ep: 52| steps: 588| total_steps: 16166| return_train: -33.800| ep_upright: 0| total_upright: 77| total_return: -951.300
2020-03-26 10:15:43,878 - root - INFO: ep: 53| steps: 234| total_steps: 16400| return_train: -14.400| ep_upright: 0| total_upright: 77| total_return: -965.700
2020-03-26 10:15:49,477 - root - INFO: ep: 54| steps: 387| total_steps: 16787| return_train: -25.300| ep_upright: 0| total_upright: 77| total_return: -991.000
2020-03-26 10:15:51,129 - root - INFO: ep: 55| steps: 116| total_steps: 16903| return_train: -9.200| ep_upright: 0| total_upright: 77| total_return: -1000.200
2020-03-26 10:15:52,519 - root - INFO: steps 17000, 69.64 steps/s
2020-03-26 10:15:54,371 - root - INFO: ep: 56| steps: 226| total_steps: 17129| return_train: -16.800| ep_upright: 0| total_upright: 77| total_return: -1017.000
2020-03-26 10:15:57,607 - root - INFO: ep: 57| steps: 227| total_steps: 17356| return_train: -11.100| ep_upright: 0| total_upright: 77| total_return: -1028.100
2020-03-26 10:16:00,218 - root - INFO: ep: 58| steps: 182| total_steps: 17538| return_train: -12.700| ep_upright: 0| total_upright: 77| total_return: -1040.800
2020-03-26 10:16:04,748 - root - INFO: ep: 59| steps: 319| total_steps: 17857| return_train: -19.800| ep_upright: 0| total_upright: 77| total_return: -1060.600
2020-03-26 10:16:06,740 - root - INFO: steps 18000, 70.33 steps/s
2020-03-26 10:16:07,452 - root - INFO: ep: 60| steps: 194| total_steps: 18051| return_train: -11.500| ep_upright: 0| total_upright: 77| total_return: -1072.100
2020-03-26 10:16:10,816 - root - INFO: ep: 61| steps: 243| total_steps: 18294| return_train: -15.800| ep_upright: 0| total_upright: 77| total_return: -1087.900
2020-03-26 10:16:13,842 - root - INFO: ep: 62| steps: 220| total_steps: 18514| return_train: -14.600| ep_upright: 0| total_upright: 77| total_return: -1102.500
2020-03-26 10:16:16,498 - root - INFO: ep: 63| steps: 193| total_steps: 18707| return_train: -13.000| ep_upright: 0| total_upright: 77| total_return: -1115.500
2020-03-26 10:16:20,538 - root - INFO: steps 19000, 72.48 steps/s
2020-03-26 10:16:25,045 - root - INFO: ep: 64| steps: 620| total_steps: 19327| return_train: -21.500| ep_upright: 13| total_upright: 90| total_return: -1137.000
2020-03-26 10:16:28,347 - root - INFO: ep: 65| steps: 240| total_steps: 19567| return_train: -13.800| ep_upright: 0| total_upright: 90| total_return: -1150.800
2020-03-26 10:16:34,333 - root - INFO: steps 20000, 72.50 steps/s
2020-03-26 10:16:43,134 - root - INFO: steps 20000, ep_return_test 0.00(0.00)
2020-03-26 10:16:46,633 - root - INFO: ep: 66| steps: 687| total_steps: 20254| return_train: -42.000| ep_upright: 0| total_upright: 90| total_return: -1192.800
2020-03-26 10:16:50,078 - root - INFO: ep: 67| steps: 250| total_steps: 20504| return_train: -18.500| ep_upright: 0| total_upright: 90| total_return: -1211.300
2020-03-26 10:16:52,537 - root - INFO: ep: 68| steps: 178| total_steps: 20682| return_train: -9.600| ep_upright: 0| total_upright: 90| total_return: -1220.900
2020-03-26 10:16:54,745 - root - INFO: ep: 69| steps: 151| total_steps: 20833| return_train: -9.100| ep_upright: 0| total_upright: 90| total_return: -1230.000
2020-03-26 10:16:57,045 - root - INFO: steps 21000, 44.03 steps/s
2020-03-26 10:16:58,193 - root - INFO: ep: 70| steps: 250| total_steps: 21083| return_train: -13.800| ep_upright: 0| total_upright: 90| total_return: -1243.800
2020-03-26 10:17:00,794 - root - INFO: ep: 71| steps: 189| total_steps: 21272| return_train: -12.500| ep_upright: 0| total_upright: 90| total_return: -1256.300
2020-03-26 10:17:06,838 - root - INFO: ep: 72| steps: 436| total_steps: 21708| return_train: -23.200| ep_upright: 0| total_upright: 90| total_return: -1279.500
2020-03-26 10:17:09,288 - root - INFO: ep: 73| steps: 176| total_steps: 21884| return_train: -11.900| ep_upright: 0| total_upright: 90| total_return: -1291.400
2020-03-26 10:17:10,907 - root - INFO: steps 22000, 72.15 steps/s
2020-03-26 10:17:12,261 - root - INFO: ep: 74| steps: 213| total_steps: 22097| return_train: -14.900| ep_upright: 0| total_upright: 90| total_return: -1306.300
2020-03-26 10:17:17,397 - root - INFO: ep: 75| steps: 369| total_steps: 22466| return_train: -22.400| ep_upright: 0| total_upright: 90| total_return: -1328.700
2020-03-26 10:17:22,101 - root - INFO: ep: 76| steps: 338| total_steps: 22804| return_train: -19.500| ep_upright: 0| total_upright: 90| total_return: -1348.200
2020-03-26 10:17:24,797 - root - INFO: steps 23000, 72.00 steps/s
2020-03-26 10:17:30,000 - root - INFO: ep: 77| steps: 573| total_steps: 23377| return_train: -37.200| ep_upright: 0| total_upright: 90| total_return: -1385.400
2020-03-26 10:17:38,262 - root - INFO: ep: 78| steps: 593| total_steps: 23970| return_train: -42.400| ep_upright: 0| total_upright: 90| total_return: -1427.800
2020-03-26 10:17:38,675 - root - INFO: steps 24000, 72.06 steps/s
2020-03-26 10:17:40,159 - root - INFO: ep: 79| steps: 137| total_steps: 24107| return_train: -11.100| ep_upright: 0| total_upright: 90| total_return: -1438.900
2020-03-26 10:17:43,154 - root - INFO: ep: 80| steps: 217| total_steps: 24324| return_train: -13.300| ep_upright: 0| total_upright: 90| total_return: -1452.200
2020-03-26 10:17:47,734 - root - INFO: ep: 81| steps: 332| total_steps: 24656| return_train: -9.600| ep_upright: 7| total_upright: 97| total_return: -1461.800
2020-03-26 10:17:49,570 - root - INFO: ep: 82| steps: 133| total_steps: 24789| return_train: -7.000| ep_upright: 0| total_upright: 97| total_return: -1468.800
2020-03-26 10:17:51,916 - root - INFO: ep: 83| steps: 170| total_steps: 24959| return_train: -9.900| ep_upright: 0| total_upright: 97| total_return: -1478.700
2020-03-26 10:17:52,488 - root - INFO: steps 25000, 72.41 steps/s
2020-03-26 10:17:53,470 - root - INFO: steps 25000, ep_return_test -11.06(0.04)
2020-03-26 10:17:54,953 - root - INFO: ep: 84| steps: 148| total_steps: 25107| return_train: -11.200| ep_upright: 0| total_upright: 97| total_return: -1489.900
2020-03-26 10:18:07,296 - root - INFO: steps 26000, 67.53 steps/s
2020-03-26 10:18:08,802 - root - INFO: ep: 85| steps: 1001| total_steps: 26108| return_train: -50.800| ep_upright: 18| total_upright: 115| total_return: -1540.700
2020-03-26 10:18:11,168 - root - INFO: ep: 86| steps: 171| total_steps: 26279| return_train: -11.200| ep_upright: 0| total_upright: 115| total_return: -1551.900
2020-03-26 10:18:14,126 - root - INFO: ep: 87| steps: 214| total_steps: 26493| return_train: -11.900| ep_upright: 0| total_upright: 115| total_return: -1563.800
2020-03-26 10:18:16,185 - root - INFO: ep: 88| steps: 148| total_steps: 26641| return_train: -9.000| ep_upright: 0| total_upright: 115| total_return: -1572.800
2020-03-26 10:18:20,079 - root - INFO: ep: 89| steps: 282| total_steps: 26923| return_train: -16.500| ep_upright: 0| total_upright: 115| total_return: -1589.300
2020-03-26 10:18:21,143 - root - INFO: steps 27000, 72.22 steps/s
2020-03-26 10:18:27,995 - root - INFO: ep: 90| steps: 571| total_steps: 27494| return_train: -37.200| ep_upright: 0| total_upright: 115| total_return: -1626.500
2020-03-26 10:18:35,010 - root - INFO: steps 28000, 72.12 steps/s
2020-03-26 10:18:36,336 - root - INFO: ep: 91| steps: 602| total_steps: 28096| return_train: -39.300| ep_upright: 0| total_upright: 115| total_return: -1665.800
2020-03-26 10:18:45,760 - root - INFO: ep: 92| steps: 681| total_steps: 28777| return_train: -46.400| ep_upright: 0| total_upright: 115| total_return: -1712.200
2020-03-26 10:18:48,592 - root - INFO: ep: 93| steps: 205| total_steps: 28982| return_train: -13.500| ep_upright: 0| total_upright: 115| total_return: -1725.700
2020-03-26 10:18:48,840 - root - INFO: steps 29000, 72.31 steps/s
2020-03-26 10:18:53,238 - root - INFO: ep: 94| steps: 335| total_steps: 29317| return_train: -17.400| ep_upright: 0| total_upright: 115| total_return: -1743.100
2020-03-26 10:18:56,753 - root - INFO: ep: 95| steps: 254| total_steps: 29571| return_train: -20.400| ep_upright: 0| total_upright: 115| total_return: -1763.500
2020-03-26 10:18:59,133 - root - INFO: ep: 96| steps: 172| total_steps: 29743| return_train: -9.500| ep_upright: 0| total_upright: 115| total_return: -1773.000
2020-03-26 10:19:02,679 - root - INFO: steps 30000, 72.27 steps/s
2020-03-26 10:19:11,587 - root - INFO: steps 30000, ep_return_test -0.37(0.29)
2020-03-26 10:19:12,236 - root - INFO: ep: 97| steps: 303| total_steps: 30046| return_train: -16.300| ep_upright: 0| total_upright: 115| total_return: -1789.300
2020-03-26 10:19:15,334 - root - INFO: ep: 98| steps: 222| total_steps: 30268| return_train: -16.900| ep_upright: 0| total_upright: 115| total_return: -1806.200
2020-03-26 10:19:16,786 - root - INFO: ep: 99| steps: 104| total_steps: 30372| return_train: -7.700| ep_upright: 0| total_upright: 115| total_return: -1813.900
2020-03-26 10:19:19,594 - root - INFO: ep: 100| steps: 201| total_steps: 30573| return_train: -15.000| ep_upright: 0| total_upright: 115| total_return: -1828.900
2020-03-26 10:19:25,502 - root - INFO: steps 31000, 43.82 steps/s
2020-03-26 10:19:25,975 - root - INFO: ep: 101| steps: 461| total_steps: 31034| return_train: -34.400| ep_upright: 0| total_upright: 115| total_return: -1863.300
2020-03-26 10:19:32,530 - root - INFO: ep: 102| steps: 472| total_steps: 31506| return_train: -31.000| ep_upright: 0| total_upright: 115| total_return: -1894.300
2020-03-26 10:19:36,431 - root - INFO: ep: 103| steps: 274| total_steps: 31780| return_train: -18.000| ep_upright: 0| total_upright: 115| total_return: -1912.300
2020-03-26 10:19:39,538 - root - INFO: steps 32000, 71.25 steps/s
2020-03-26 10:19:40,223 - root - INFO: ep: 104| steps: 269| total_steps: 32049| return_train: -13.900| ep_upright: 0| total_upright: 115| total_return: -1926.200
2020-03-26 10:19:44,791 - root - INFO: ep: 105| steps: 330| total_steps: 32379| return_train: -6.300| ep_upright: 15| total_upright: 130| total_return: -1932.500
2020-03-26 10:19:47,089 - root - INFO: ep: 106| steps: 166| total_steps: 32545| return_train: -7.800| ep_upright: 0| total_upright: 130| total_return: -1940.300
2020-03-26 10:19:52,106 - root - INFO: ep: 107| steps: 363| total_steps: 32908| return_train: -26.000| ep_upright: 0| total_upright: 130| total_return: -1966.300
2020-03-26 10:19:53,400 - root - INFO: steps 33000, 72.15 steps/s
2020-03-26 10:19:54,436 - root - INFO: ep: 108| steps: 165| total_steps: 33073| return_train: -9.700| ep_upright: 0| total_upright: 130| total_return: -1976.000
2020-03-26 10:19:58,207 - root - INFO: ep: 109| steps: 264| total_steps: 33337| return_train: -17.300| ep_upright: 0| total_upright: 130| total_return: -1993.300
2020-03-26 10:20:04,011 - root - INFO: ep: 110| steps: 402| total_steps: 33739| return_train: -30.800| ep_upright: 0| total_upright: 130| total_return: -2024.100
2020-03-26 10:20:07,445 - root - INFO: ep: 111| steps: 237| total_steps: 33976| return_train: -15.300| ep_upright: 0| total_upright: 130| total_return: -2039.400
2020-03-26 10:20:07,796 - root - INFO: steps 34000, 69.47 steps/s
2020-03-26 10:20:10,101 - root - INFO: ep: 112| steps: 183| total_steps: 34159| return_train: -10.800| ep_upright: 0| total_upright: 130| total_return: -2050.200
2020-03-26 10:20:16,782 - root - INFO: ep: 113| steps: 464| total_steps: 34623| return_train: -24.100| ep_upright: 0| total_upright: 130| total_return: -2074.300
2020-03-26 10:20:21,131 - root - INFO: ep: 114| steps: 302| total_steps: 34925| return_train: -21.000| ep_upright: 0| total_upright: 130| total_return: -2095.300
2020-03-26 10:20:22,209 - root - INFO: steps 35000, 69.39 steps/s
2020-03-26 10:20:22,946 - root - INFO: steps 35000, ep_return_test -8.18(0.01)
2020-03-26 10:20:24,266 - root - INFO: ep: 115| steps: 169| total_steps: 35094| return_train: -12.200| ep_upright: 0| total_upright: 130| total_return: -2107.500
2020-03-26 10:20:29,015 - root - INFO: ep: 116| steps: 344| total_steps: 35438| return_train: -22.600| ep_upright: 0| total_upright: 130| total_return: -2130.100
2020-03-26 10:20:31,116 - root - INFO: ep: 117| steps: 151| total_steps: 35589| return_train: -10.600| ep_upright: 0| total_upright: 130| total_return: -2140.700
2020-03-26 10:20:36,798 - root - INFO: steps 36000, 68.55 steps/s
2020-03-26 10:20:37,660 - root - INFO: ep: 118| steps: 473| total_steps: 36062| return_train: -32.000| ep_upright: 0| total_upright: 130| total_return: -2172.700
2020-03-26 10:20:40,813 - root - INFO: ep: 119| steps: 228| total_steps: 36290| return_train: -15.000| ep_upright: 0| total_upright: 130| total_return: -2187.700
2020-03-26 10:20:47,335 - root - INFO: ep: 120| steps: 471| total_steps: 36761| return_train: -25.900| ep_upright: 0| total_upright: 130| total_return: -2213.600
2020-03-26 10:20:50,641 - root - INFO: steps 37000, 72.24 steps/s
2020-03-26 10:20:55,711 - root - INFO: ep: 121| steps: 604| total_steps: 37365| return_train: -38.600| ep_upright: 0| total_upright: 130| total_return: -2252.200
2020-03-26 10:21:00,592 - root - INFO: ep: 122| steps: 354| total_steps: 37719| return_train: -24.900| ep_upright: 0| total_upright: 130| total_return: -2277.100
2020-03-26 10:21:03,376 - root - INFO: ep: 123| steps: 200| total_steps: 37919| return_train: -10.600| ep_upright: 0| total_upright: 130| total_return: -2287.700
2020-03-26 10:21:04,505 - root - INFO: steps 38000, 72.14 steps/s
2020-03-26 10:21:06,368 - root - INFO: ep: 124| steps: 214| total_steps: 38133| return_train: -18.400| ep_upright: 0| total_upright: 130| total_return: -2306.100
2020-03-26 10:21:10,634 - root - INFO: ep: 125| steps: 305| total_steps: 38438| return_train: -21.300| ep_upright: 0| total_upright: 130| total_return: -2327.400
2020-03-26 10:21:13,262 - root - INFO: ep: 126| steps: 188| total_steps: 38626| return_train: -10.700| ep_upright: 0| total_upright: 130| total_return: -2338.100
2020-03-26 10:21:16,054 - root - INFO: ep: 127| steps: 200| total_steps: 38826| return_train: -14.400| ep_upright: 0| total_upright: 130| total_return: -2352.500
2020-03-26 10:21:18,468 - root - INFO: steps 39000, 71.62 steps/s
2020-03-26 10:21:19,683 - root - INFO: ep: 128| steps: 261| total_steps: 39087| return_train: -11.200| ep_upright: 0| total_upright: 130| total_return: -2363.700
2020-03-26 10:21:22,289 - root - INFO: ep: 129| steps: 188| total_steps: 39275| return_train: -13.200| ep_upright: 0| total_upright: 130| total_return: -2376.900
2020-03-26 10:21:24,821 - root - INFO: ep: 130| steps: 183| total_steps: 39458| return_train: -11.000| ep_upright: 0| total_upright: 130| total_return: -2387.900
2020-03-26 10:21:26,799 - root - INFO: ep: 131| steps: 143| total_steps: 39601| return_train: -8.900| ep_upright: 0| total_upright: 130| total_return: -2396.800
2020-03-26 10:21:29,119 - root - INFO: ep: 132| steps: 167| total_steps: 39768| return_train: -9.500| ep_upright: 0| total_upright: 130| total_return: -2406.300
2020-03-26 10:21:31,744 - root - INFO: ep: 133| steps: 188| total_steps: 39956| return_train: -10.800| ep_upright: 0| total_upright: 130| total_return: -2417.100
2020-03-26 10:21:32,357 - root - INFO: steps 40000, 72.01 steps/s
2020-03-26 10:21:33,079 - root - INFO: steps 40000, ep_return_test -8.17(0.02)
2020-03-26 10:21:34,782 - root - INFO: ep: 134| steps: 166| total_steps: 40122| return_train: -9.700| ep_upright: 0| total_upright: 130| total_return: -2426.800
2020-03-26 10:21:38,473 - root - INFO: ep: 135| steps: 266| total_steps: 40388| return_train: -17.600| ep_upright: 0| total_upright: 130| total_return: -2444.400
2020-03-26 10:21:46,917 - root - INFO: steps 41000, 68.68 steps/s
2020-03-26 10:21:50,054 - root - INFO: ep: 136| steps: 838| total_steps: 41226| return_train: -50.000| ep_upright: 0| total_upright: 130| total_return: -2494.400
2020-03-26 10:21:52,178 - root - INFO: ep: 137| steps: 153| total_steps: 41379| return_train: -13.400| ep_upright: 0| total_upright: 130| total_return: -2507.800
2020-03-26 10:21:58,331 - root - INFO: ep: 138| steps: 445| total_steps: 41824| return_train: -20.900| ep_upright: 6| total_upright: 136| total_return: -2528.700
2020-03-26 10:22:00,763 - root - INFO: steps 42000, 72.23 steps/s
2020-03-26 10:22:04,005 - root - INFO: ep: 139| steps: 409| total_steps: 42233| return_train: -24.700| ep_upright: 0| total_upright: 136| total_return: -2553.400
2020-03-26 10:22:07,508 - root - INFO: ep: 140| steps: 252| total_steps: 42485| return_train: -15.500| ep_upright: 0| total_upright: 136| total_return: -2568.900
2020-03-26 10:22:09,685 - root - INFO: ep: 141| steps: 157| total_steps: 42642| return_train: -9.600| ep_upright: 0| total_upright: 136| total_return: -2578.500
2020-03-26 10:22:12,447 - root - INFO: ep: 142| steps: 197| total_steps: 42839| return_train: -15.400| ep_upright: 0| total_upright: 136| total_return: -2593.900
2020-03-26 10:22:14,696 - root - INFO: steps 43000, 71.78 steps/s
2020-03-26 10:22:14,825 - root - INFO: ep: 143| steps: 170| total_steps: 43009| return_train: -10.900| ep_upright: 0| total_upright: 136| total_return: -2604.800
2020-03-26 10:22:18,446 - root - INFO: ep: 144| steps: 260| total_steps: 43269| return_train: -8.400| ep_upright: 10| total_upright: 146| total_return: -2613.200
2020-03-26 10:22:20,553 - root - INFO: ep: 145| steps: 151| total_steps: 43420| return_train: -8.600| ep_upright: 0| total_upright: 146| total_return: -2621.800
2020-03-26 10:22:22,443 - root - INFO: ep: 146| steps: 136| total_steps: 43556| return_train: -7.400| ep_upright: 0| total_upright: 146| total_return: -2629.200
2020-03-26 10:22:24,696 - root - INFO: ep: 147| steps: 163| total_steps: 43719| return_train: -11.700| ep_upright: 0| total_upright: 146| total_return: -2640.900
2020-03-26 10:22:28,574 - root - INFO: steps 44000, 72.06 steps/s
2020-03-26 10:22:29,645 - root - INFO: ep: 148| steps: 358| total_steps: 44077| return_train: -21.900| ep_upright: 0| total_upright: 146| total_return: -2662.800
2020-03-26 10:22:32,039 - root - INFO: ep: 149| steps: 171| total_steps: 44248| return_train: -10.000| ep_upright: 0| total_upright: 146| total_return: -2672.800
2020-03-26 10:22:34,851 - root - INFO: ep: 150| steps: 201| total_steps: 44449| return_train: -11.300| ep_upright: 0| total_upright: 146| total_return: -2684.100
2020-03-26 10:22:41,410 - root - INFO: ep: 151| steps: 472| total_steps: 44921| return_train: -23.000| ep_upright: 0| total_upright: 146| total_return: -2707.100
2020-03-26 10:22:42,501 - root - INFO: steps 45000, 71.81 steps/s
2020-03-26 10:22:48,755 - root - INFO: steps 45000, ep_return_test -0.56(0.02)
2020-03-26 10:22:59,511 - root - INFO: ep: 152| steps: 849| total_steps: 45770| return_train: -47.400| ep_upright: 0| total_upright: 146| total_return: -2754.500
2020-03-26 10:23:02,696 - root - INFO: steps 46000, 49.52 steps/s
2020-03-26 10:23:11,419 - root - INFO: ep: 153| steps: 857| total_steps: 46627| return_train: -55.800| ep_upright: 0| total_upright: 146| total_return: -2810.300
2020-03-26 10:23:14,148 - root - INFO: ep: 154| steps: 197| total_steps: 46824| return_train: -13.700| ep_upright: 0| total_upright: 146| total_return: -2824.000
2020-03-26 10:23:16,613 - root - INFO: steps 47000, 71.86 steps/s
2020-03-26 10:23:20,203 - root - INFO: ep: 155| steps: 433| total_steps: 47257| return_train: -24.900| ep_upright: 0| total_upright: 146| total_return: -2848.900
2020-03-26 10:23:23,940 - root - INFO: ep: 156| steps: 261| total_steps: 47518| return_train: -16.300| ep_upright: 0| total_upright: 146| total_return: -2865.200
2020-03-26 10:23:29,164 - root - INFO: ep: 157| steps: 362| total_steps: 47880| return_train: -25.200| ep_upright: 0| total_upright: 146| total_return: -2890.400
2020-03-26 10:23:30,915 - root - INFO: steps 48000, 69.93 steps/s
2020-03-26 10:23:34,560 - root - INFO: ep: 158| steps: 370| total_steps: 48250| return_train: -11.400| ep_upright: 11| total_upright: 157| total_return: -2901.800
2020-03-26 10:23:36,960 - root - INFO: ep: 159| steps: 167| total_steps: 48417| return_train: -12.000| ep_upright: 0| total_upright: 157| total_return: -2913.800
2020-03-26 10:23:42,077 - root - INFO: ep: 160| steps: 354| total_steps: 48771| return_train: -24.100| ep_upright: 0| total_upright: 157| total_return: -2937.900
2020-03-26 10:23:44,329 - root - INFO: ep: 161| steps: 156| total_steps: 48927| return_train: -10.400| ep_upright: 0| total_upright: 157| total_return: -2948.300
2020-03-26 10:23:45,384 - root - INFO: steps 49000, 69.12 steps/s
2020-03-26 10:23:47,571 - root - INFO: ep: 162| steps: 225| total_steps: 49152| return_train: -17.100| ep_upright: 0| total_upright: 157| total_return: -2965.400
2020-03-26 10:23:50,721 - root - INFO: ep: 163| steps: 221| total_steps: 49373| return_train: -13.700| ep_upright: 0| total_upright: 157| total_return: -2979.100
2020-03-26 10:23:53,190 - root - INFO: ep: 164| steps: 178| total_steps: 49551| return_train: -12.300| ep_upright: 0| total_upright: 157| total_return: -2991.400
2020-03-26 10:23:55,418 - root - INFO: ep: 165| steps: 161| total_steps: 49712| return_train: -9.200| ep_upright: 0| total_upright: 157| total_return: -3000.600
2020-03-26 10:23:58,462 - root - INFO: ep: 166| steps: 220| total_steps: 49932| return_train: -14.300| ep_upright: 0| total_upright: 157| total_return: -3014.900
2020-03-26 10:23:59,401 - root - INFO: steps 50000, 71.34 steps/s
2020-03-26 10:24:08,268 - root - INFO: steps 50000, ep_return_test 0.00(0.00)
2020-03-26 10:24:09,594 - root - INFO: ep: 167| steps: 162| total_steps: 50094| return_train: -11.700| ep_upright: 0| total_upright: 157| total_return: -3026.600
2020-03-26 10:24:12,145 - root - INFO: ep: 168| steps: 182| total_steps: 50276| return_train: -10.600| ep_upright: 0| total_upright: 157| total_return: -3037.200
2020-03-26 10:24:13,910 - root - INFO: ep: 169| steps: 126| total_steps: 50402| return_train: -7.100| ep_upright: 0| total_upright: 157| total_return: -3044.300
2020-03-26 10:24:16,261 - root - INFO: ep: 170| steps: 169| total_steps: 50571| return_train: -10.000| ep_upright: 0| total_upright: 157| total_return: -3054.300
2020-03-26 10:24:22,223 - root - INFO: steps 51000, 43.82 steps/s
2020-03-26 10:24:26,897 - root - INFO: ep: 171| steps: 765| total_steps: 51336| return_train: -38.400| ep_upright: 0| total_upright: 157| total_return: -3092.700
2020-03-26 10:24:30,581 - root - INFO: ep: 172| steps: 264| total_steps: 51600| return_train: -18.600| ep_upright: 0| total_upright: 157| total_return: -3111.300
2020-03-26 10:24:36,139 - root - INFO: steps 52000, 71.87 steps/s
2020-03-26 10:24:40,927 - root - INFO: ep: 173| steps: 745| total_steps: 52345| return_train: -31.000| ep_upright: 0| total_upright: 157| total_return: -3142.300
2020-03-26 10:24:43,987 - root - INFO: ep: 174| steps: 220| total_steps: 52565| return_train: -14.500| ep_upright: 0| total_upright: 157| total_return: -3156.800
2020-03-26 10:24:48,021 - root - INFO: ep: 175| steps: 291| total_steps: 52856| return_train: -20.300| ep_upright: 0| total_upright: 157| total_return: -3177.100
2020-03-26 10:24:50,015 - root - INFO: steps 53000, 72.07 steps/s
2020-03-26 10:24:54,267 - root - INFO: ep: 176| steps: 449| total_steps: 53305| return_train: -27.700| ep_upright: 0| total_upright: 157| total_return: -3204.800
2020-03-26 10:24:57,501 - root - INFO: ep: 177| steps: 232| total_steps: 53537| return_train: -14.900| ep_upright: 0| total_upright: 157| total_return: -3219.700
2020-03-26 10:25:01,495 - root - INFO: ep: 178| steps: 287| total_steps: 53824| return_train: -15.500| ep_upright: 0| total_upright: 157| total_return: -3235.200
2020-03-26 10:25:03,931 - root - INFO: steps 54000, 71.87 steps/s
2020-03-26 10:25:06,176 - root - INFO: ep: 179| steps: 338| total_steps: 54162| return_train: -21.000| ep_upright: 0| total_upright: 157| total_return: -3256.200
2020-03-26 10:25:09,600 - root - INFO: ep: 180| steps: 246| total_steps: 54408| return_train: -12.800| ep_upright: 0| total_upright: 157| total_return: -3269.000
2020-03-26 10:25:14,529 - root - INFO: ep: 181| steps: 355| total_steps: 54763| return_train: -10.600| ep_upright: 10| total_upright: 167| total_return: -3279.600
2020-03-26 10:25:17,818 - root - INFO: steps 55000, 72.02 steps/s
2020-03-26 10:25:18,848 - root - INFO: steps 55000, ep_return_test -4.57(0.03)
2020-03-26 10:25:19,089 - root - INFO: ep: 182| steps: 254| total_steps: 55017| return_train: -17.300| ep_upright: 0| total_upright: 167| total_return: -3296.900
2020-03-26 10:25:24,546 - root - INFO: ep: 183| steps: 394| total_steps: 55411| return_train: -24.200| ep_upright: 0| total_upright: 167| total_return: -3321.100
2020-03-26 10:25:28,377 - root - INFO: ep: 184| steps: 277| total_steps: 55688| return_train: -17.000| ep_upright: 0| total_upright: 167| total_return: -3338.100
2020-03-26 10:25:30,282 - root - INFO: ep: 185| steps: 137| total_steps: 55825| return_train: -8.600| ep_upright: 0| total_upright: 167| total_return: -3346.700
2020-03-26 10:25:32,347 - root - INFO: ep: 186| steps: 149| total_steps: 55974| return_train: -10.100| ep_upright: 0| total_upright: 167| total_return: -3356.800
2020-03-26 10:25:32,707 - root - INFO: steps 56000, 67.17 steps/s
2020-03-26 10:25:35,468 - root - INFO: ep: 187| steps: 225| total_steps: 56199| return_train: -16.700| ep_upright: 0| total_upright: 167| total_return: -3373.500
2020-03-26 10:25:40,813 - root - INFO: ep: 188| steps: 385| total_steps: 56584| return_train: -25.600| ep_upright: 0| total_upright: 167| total_return: -3399.100
2020-03-26 10:25:45,114 - root - INFO: ep: 189| steps: 309| total_steps: 56893| return_train: -19.500| ep_upright: 0| total_upright: 167| total_return: -3418.600
2020-03-26 10:25:46,598 - root - INFO: steps 57000, 72.00 steps/s
2020-03-26 10:25:51,734 - root - INFO: ep: 190| steps: 477| total_steps: 57370| return_train: -24.800| ep_upright: 0| total_upright: 167| total_return: -3443.400
2020-03-26 10:26:00,494 - root - INFO: steps 58000, 71.97 steps/s
2020-03-26 10:26:02,429 - root - INFO: ep: 191| steps: 769| total_steps: 58139| return_train: -18.900| ep_upright: 31| total_upright: 198| total_return: -3462.300
2020-03-26 10:26:09,780 - root - INFO: ep: 192| steps: 514| total_steps: 58653| return_train: -30.300| ep_upright: 0| total_upright: 198| total_return: -3492.600
2020-03-26 10:26:13,133 - root - INFO: ep: 193| steps: 239| total_steps: 58892| return_train: -15.300| ep_upright: 0| total_upright: 198| total_return: -3507.900
2020-03-26 10:26:14,634 - root - INFO: steps 59000, 70.73 steps/s
2020-03-26 10:26:17,148 - root - INFO: ep: 194| steps: 288| total_steps: 59180| return_train: -12.000| ep_upright: 0| total_upright: 198| total_return: -3519.900
2020-03-26 10:26:20,880 - root - INFO: ep: 195| steps: 270| total_steps: 59450| return_train: -19.800| ep_upright: 0| total_upright: 198| total_return: -3539.700
2020-03-26 10:26:24,219 - root - INFO: ep: 196| steps: 240| total_steps: 59690| return_train: -15.500| ep_upright: 0| total_upright: 198| total_return: -3555.200
2020-03-26 10:26:27,750 - root - INFO: ep: 197| steps: 256| total_steps: 59946| return_train: -18.400| ep_upright: 0| total_upright: 198| total_return: -3573.600
2020-03-26 10:26:28,501 - root - INFO: steps 60000, 72.12 steps/s
2020-03-26 10:26:32,210 - root - INFO: steps 60000, ep_return_test -26.81(4.16)
2020-03-26 10:26:39,159 - root - INFO: ep: 198| steps: 556| total_steps: 60502| return_train: -30.600| ep_upright: 0| total_upright: 198| total_return: -3604.200
2020-03-26 10:26:43,821 - root - INFO: ep: 199| steps: 337| total_steps: 60839| return_train: -20.300| ep_upright: 0| total_upright: 198| total_return: -3624.500
2020-03-26 10:26:46,044 - root - INFO: steps 61000, 57.00 steps/s
2020-03-26 10:26:46,688 - root - INFO: ep: 200| steps: 207| total_steps: 61046| return_train: -11.200| ep_upright: 0| total_upright: 198| total_return: -3635.700
2020-03-26 10:26:52,656 - root - INFO: ep: 201| steps: 432| total_steps: 61478| return_train: -27.200| ep_upright: 0| total_upright: 198| total_return: -3662.900
2020-03-26 10:26:55,650 - root - INFO: ep: 202| steps: 217| total_steps: 61695| return_train: -15.300| ep_upright: 0| total_upright: 198| total_return: -3678.200
2020-03-26 10:26:57,775 - root - INFO: ep: 203| steps: 154| total_steps: 61849| return_train: -8.600| ep_upright: 0| total_upright: 198| total_return: -3686.800
2020-03-26 10:26:59,856 - root - INFO: steps 62000, 72.41 steps/s
2020-03-26 10:27:03,503 - root - INFO: ep: 204| steps: 415| total_steps: 62264| return_train: -24.600| ep_upright: 0| total_upright: 198| total_return: -3711.400
2020-03-26 10:27:07,552 - root - INFO: ep: 205| steps: 289| total_steps: 62553| return_train: -23.900| ep_upright: 0| total_upright: 198| total_return: -3735.300
2020-03-26 10:27:12,616 - root - INFO: ep: 206| steps: 364| total_steps: 62917| return_train: -22.900| ep_upright: 0| total_upright: 198| total_return: -3758.200
2020-03-26 10:27:13,765 - root - INFO: steps 63000, 71.90 steps/s
2020-03-26 10:27:16,064 - root - INFO: ep: 207| steps: 249| total_steps: 63166| return_train: -18.800| ep_upright: 0| total_upright: 198| total_return: -3777.000
2020-03-26 10:27:18,050 - root - INFO: ep: 208| steps: 143| total_steps: 63309| return_train: -9.200| ep_upright: 0| total_upright: 198| total_return: -3786.200
2020-03-26 10:27:27,613 - root - INFO: steps 64000, 72.22 steps/s
2020-03-26 10:27:30,177 - root - INFO: ep: 209| steps: 875| total_steps: 64184| return_train: -7.800| ep_upright: 40| total_upright: 238| total_return: -3794.000
2020-03-26 10:27:32,840 - root - INFO: ep: 210| steps: 192| total_steps: 64376| return_train: -14.000| ep_upright: 0| total_upright: 238| total_return: -3808.000
2020-03-26 10:27:35,950 - root - INFO: ep: 211| steps: 225| total_steps: 64601| return_train: -15.900| ep_upright: 0| total_upright: 238| total_return: -3823.900
2020-03-26 10:27:38,285 - root - INFO: ep: 212| steps: 167| total_steps: 64768| return_train: -10.100| ep_upright: 0| total_upright: 238| total_return: -3834.000
2020-03-26 10:27:40,657 - root - INFO: ep: 213| steps: 171| total_steps: 64939| return_train: -13.300| ep_upright: 0| total_upright: 238| total_return: -3847.300
2020-03-26 10:27:41,502 - root - INFO: steps 65000, 72.01 steps/s
2020-03-26 10:27:50,329 - root - INFO: steps 65000, ep_return_test 0.00(0.00)
2020-03-26 10:27:51,408 - root - INFO: ep: 214| steps: 138| total_steps: 65077| return_train: -7.300| ep_upright: 0| total_upright: 238| total_return: -3854.600
2020-03-26 10:27:53,103 - root - INFO: ep: 215| steps: 122| total_steps: 65199| return_train: -7.600| ep_upright: 0| total_upright: 238| total_return: -3862.200
2020-03-26 10:27:55,168 - root - INFO: ep: 216| steps: 149| total_steps: 65348| return_train: -8.500| ep_upright: 0| total_upright: 238| total_return: -3870.700
2020-03-26 10:27:58,707 - root - INFO: ep: 217| steps: 255| total_steps: 65603| return_train: -17.200| ep_upright: 0| total_upright: 238| total_return: -3887.900
2020-03-26 10:28:01,158 - root - INFO: ep: 218| steps: 177| total_steps: 65780| return_train: -5.600| ep_upright: 0| total_upright: 238| total_return: -3893.500
2020-03-26 10:28:04,212 - root - INFO: steps 66000, 44.04 steps/s
2020-03-26 10:28:04,913 - root - INFO: ep: 219| steps: 270| total_steps: 66050| return_train: -15.200| ep_upright: 0| total_upright: 238| total_return: -3908.700
2020-03-26 10:28:07,290 - root - INFO: ep: 220| steps: 169| total_steps: 66219| return_train: -10.400| ep_upright: 0| total_upright: 238| total_return: -3919.100
2020-03-26 10:28:09,290 - root - INFO: ep: 221| steps: 142| total_steps: 66361| return_train: -8.700| ep_upright: 0| total_upright: 238| total_return: -3927.800
2020-03-26 10:28:13,002 - root - INFO: ep: 222| steps: 268| total_steps: 66629| return_train: -15.300| ep_upright: 0| total_upright: 238| total_return: -3943.100
2020-03-26 10:28:17,336 - root - INFO: ep: 223| steps: 311| total_steps: 66940| return_train: -18.300| ep_upright: 0| total_upright: 238| total_return: -3961.400
2020-03-26 10:28:18,166 - root - INFO: steps 67000, 71.67 steps/s
2020-03-26 10:28:20,229 - root - INFO: ep: 224| steps: 209| total_steps: 67149| return_train: -11.200| ep_upright: 0| total_upright: 238| total_return: -3972.600
2020-03-26 10:28:26,805 - root - INFO: ep: 225| steps: 476| total_steps: 67625| return_train: -25.900| ep_upright: 0| total_upright: 238| total_return: -3998.500
2020-03-26 10:28:30,769 - root - INFO: ep: 226| steps: 285| total_steps: 67910| return_train: -17.600| ep_upright: 0| total_upright: 238| total_return: -4016.100
2020-03-26 10:28:32,015 - root - INFO: steps 68000, 72.22 steps/s
2020-03-26 10:28:38,349 - root - INFO: ep: 227| steps: 546| total_steps: 68456| return_train: -12.100| ep_upright: 22| total_upright: 260| total_return: -4028.200
2020-03-26 10:28:42,389 - root - INFO: ep: 228| steps: 291| total_steps: 68747| return_train: -1.300| ep_upright: 15| total_upright: 275| total_return: -4029.500
2020-03-26 10:28:44,415 - root - INFO: ep: 229| steps: 146| total_steps: 68893| return_train: -9.800| ep_upright: 0| total_upright: 275| total_return: -4039.300
2020-03-26 10:28:45,899 - root - INFO: steps 69000, 72.03 steps/s
2020-03-26 10:28:55,867 - root - INFO: ep: 230| steps: 825| total_steps: 69718| return_train: -19.900| ep_upright: 30| total_upright: 305| total_return: -4059.200
2020-03-26 10:28:59,798 - root - INFO: steps 70000, 71.95 steps/s
2020-03-26 10:29:08,636 - root - INFO: steps 70000, ep_return_test 0.00(0.00)
2020-03-26 10:29:10,097 - root - INFO: ep: 231| steps: 386| total_steps: 70104| return_train: -28.000| ep_upright: 0| total_upright: 305| total_return: -4087.200
2020-03-26 10:29:12,348 - root - INFO: ep: 232| steps: 162| total_steps: 70266| return_train: -10.400| ep_upright: 0| total_upright: 305| total_return: -4097.600
2020-03-26 10:29:14,205 - root - INFO: ep: 233| steps: 134| total_steps: 70400| return_train: -6.500| ep_upright: 0| total_upright: 305| total_return: -4104.100
2020-03-26 10:29:21,669 - root - INFO: ep: 234| steps: 536| total_steps: 70936| return_train: -28.900| ep_upright: 0| total_upright: 305| total_return: -4133.000
2020-03-26 10:29:22,561 - root - INFO: steps 71000, 43.93 steps/s
2020-03-26 10:29:23,927 - root - INFO: ep: 235| steps: 161| total_steps: 71097| return_train: -10.400| ep_upright: 0| total_upright: 305| total_return: -4143.400
2020-03-26 10:29:28,723 - root - INFO: ep: 236| steps: 344| total_steps: 71441| return_train: -22.900| ep_upright: 0| total_upright: 305| total_return: -4166.300
2020-03-26 10:29:34,762 - root - INFO: ep: 237| steps: 433| total_steps: 71874| return_train: -21.100| ep_upright: 0| total_upright: 305| total_return: -4187.400
2020-03-26 10:29:36,505 - root - INFO: steps 72000, 71.72 steps/s
2020-03-26 10:29:41,351 - root - INFO: ep: 238| steps: 467| total_steps: 72341| return_train: -35.600| ep_upright: 0| total_upright: 305| total_return: -4223.000
2020-03-26 10:29:43,683 - root - INFO: ep: 239| steps: 163| total_steps: 72504| return_train: -7.500| ep_upright: 0| total_upright: 305| total_return: -4230.500
2020-03-26 10:29:47,630 - root - INFO: ep: 240| steps: 284| total_steps: 72788| return_train: -19.700| ep_upright: 0| total_upright: 305| total_return: -4250.200
2020-03-26 10:29:50,570 - root - INFO: steps 73000, 71.10 steps/s
2020-03-26 10:29:52,431 - root - INFO: ep: 241| steps: 343| total_steps: 73131| return_train: -19.500| ep_upright: 0| total_upright: 305| total_return: -4269.700
2020-03-26 10:29:57,390 - root - INFO: ep: 242| steps: 345| total_steps: 73476| return_train: -24.400| ep_upright: 0| total_upright: 305| total_return: -4294.100
2020-03-26 10:30:03,104 - root - INFO: ep: 243| steps: 393| total_steps: 73869| return_train: 29.600| ep_upright: 43| total_upright: 348| total_return: -4264.500
2020-03-26 10:30:05,008 - root - INFO: steps 74000, 69.27 steps/s
2020-03-26 10:30:08,326 - root - INFO: ep: 244| steps: 359| total_steps: 74228| return_train: -24.200| ep_upright: 0| total_upright: 348| total_return: -4288.700
2020-03-26 10:30:10,812 - root - INFO: ep: 245| steps: 171| total_steps: 74399| return_train: -8.800| ep_upright: 0| total_upright: 348| total_return: -4297.500
2020-03-26 10:30:13,746 - root - INFO: ep: 246| steps: 203| total_steps: 74602| return_train: -13.000| ep_upright: 0| total_upright: 348| total_return: -4310.500
2020-03-26 10:30:17,152 - root - INFO: ep: 247| steps: 233| total_steps: 74835| return_train: -11.800| ep_upright: 0| total_upright: 348| total_return: -4322.300
2020-03-26 10:30:19,538 - root - INFO: steps 75000, 68.83 steps/s
2020-03-26 10:30:20,378 - root - INFO: steps 75000, ep_return_test -6.41(0.05)
2020-03-26 10:30:28,710 - root - INFO: ep: 248| steps: 762| total_steps: 75597| return_train: -32.900| ep_upright: 12| total_upright: 360| total_return: -4355.200
2020-03-26 10:30:32,353 - root - INFO: ep: 249| steps: 261| total_steps: 75858| return_train: -17.200| ep_upright: 0| total_upright: 360| total_return: -4372.400
2020-03-26 10:30:34,325 - root - INFO: steps 76000, 67.63 steps/s
2020-03-26 10:30:35,989 - root - INFO: ep: 250| steps: 262| total_steps: 76120| return_train: -15.400| ep_upright: 0| total_upright: 360| total_return: -4387.800
2020-03-26 10:30:39,792 - root - INFO: ep: 251| steps: 274| total_steps: 76394| return_train: -17.500| ep_upright: 0| total_upright: 360| total_return: -4405.300
2020-03-26 10:30:44,703 - root - INFO: ep: 252| steps: 354| total_steps: 76748| return_train: -19.800| ep_upright: 0| total_upright: 360| total_return: -4425.100
2020-03-26 10:30:46,303 - root - INFO: ep: 253| steps: 115| total_steps: 76863| return_train: -6.100| ep_upright: 0| total_upright: 360| total_return: -4431.200
2020-03-26 10:30:48,200 - root - INFO: steps 77000, 72.08 steps/s
2020-03-26 10:30:49,617 - root - INFO: ep: 254| steps: 239| total_steps: 77102| return_train: -15.000| ep_upright: 0| total_upright: 360| total_return: -4446.200
2020-03-26 10:30:55,648 - root - INFO: ep: 255| steps: 434| total_steps: 77536| return_train: -24.700| ep_upright: 0| total_upright: 360| total_return: -4470.900
2020-03-26 10:30:58,294 - root - INFO: ep: 256| steps: 190| total_steps: 77726| return_train: -12.100| ep_upright: 0| total_upright: 360| total_return: -4483.000
2020-03-26 10:31:02,022 - root - INFO: ep: 257| steps: 269| total_steps: 77995| return_train: -19.900| ep_upright: 0| total_upright: 360| total_return: -4502.900
2020-03-26 10:31:02,091 - root - INFO: steps 78000, 71.99 steps/s
2020-03-26 10:31:04,544 - root - INFO: ep: 258| steps: 182| total_steps: 78177| return_train: -11.300| ep_upright: 2| total_upright: 362| total_return: -4514.200
2020-03-26 10:31:06,589 - root - INFO: ep: 259| steps: 145| total_steps: 78322| return_train: -7.700| ep_upright: 0| total_upright: 362| total_return: -4521.900
2020-03-26 10:31:12,636 - root - INFO: ep: 260| steps: 429| total_steps: 78751| return_train: -26.300| ep_upright: 0| total_upright: 362| total_return: -4548.200
2020-03-26 10:31:16,112 - root - INFO: steps 79000, 71.33 steps/s
2020-03-26 10:31:16,143 - root - INFO: ep: 261| steps: 251| total_steps: 79002| return_train: -16.000| ep_upright: 0| total_upright: 362| total_return: -4564.200
2020-03-26 10:31:22,360 - root - INFO: ep: 262| steps: 448| total_steps: 79450| return_train: -25.600| ep_upright: 0| total_upright: 362| total_return: -4589.800
2020-03-26 10:31:24,893 - root - INFO: ep: 263| steps: 181| total_steps: 79631| return_train: -15.400| ep_upright: 0| total_upright: 362| total_return: -4605.200
2020-03-26 10:31:27,680 - root - INFO: ep: 264| steps: 201| total_steps: 79832| return_train: -10.400| ep_upright: 0| total_upright: 362| total_return: -4615.600
2020-03-26 10:31:30,013 - root - INFO: steps 80000, 71.94 steps/s
2020-03-26 10:31:34,398 - root - INFO: steps 80000, ep_return_test -18.49(4.41)
2020-03-26 10:31:36,740 - root - INFO: ep: 265| steps: 336| total_steps: 80168| return_train: -16.100| ep_upright: 0| total_upright: 362| total_return: -4631.700
2020-03-26 10:31:47,716 - root - INFO: ep: 266| steps: 785| total_steps: 80953| return_train: -40.400| ep_upright: 6| total_upright: 368| total_return: -4672.100
2020-03-26 10:31:48,367 - root - INFO: steps 81000, 54.49 steps/s
2020-03-26 10:31:52,594 - root - INFO: ep: 267| steps: 351| total_steps: 81304| return_train: -15.400| ep_upright: 0| total_upright: 368| total_return: -4687.500
2020-03-26 10:31:55,818 - root - INFO: ep: 268| steps: 232| total_steps: 81536| return_train: -14.400| ep_upright: 0| total_upright: 368| total_return: -4701.900
2020-03-26 10:32:02,267 - root - INFO: steps 82000, 71.95 steps/s
2020-03-26 10:32:04,350 - root - INFO: ep: 269| steps: 614| total_steps: 82150| return_train: -8.300| ep_upright: 15| total_upright: 383| total_return: -4710.200
2020-03-26 10:32:06,274 - root - INFO: ep: 270| steps: 137| total_steps: 82287| return_train: -8.100| ep_upright: 0| total_upright: 383| total_return: -4718.300
2020-03-26 10:32:09,518 - root - INFO: ep: 271| steps: 230| total_steps: 82517| return_train: -17.100| ep_upright: 0| total_upright: 383| total_return: -4735.400
2020-03-26 10:32:14,848 - root - INFO: ep: 272| steps: 383| total_steps: 82900| return_train: -20.900| ep_upright: 0| total_upright: 383| total_return: -4756.300
2020-03-26 10:32:16,257 - root - INFO: steps 83000, 71.49 steps/s
2020-03-26 10:32:17,852 - root - INFO: ep: 273| steps: 213| total_steps: 83113| return_train: -16.100| ep_upright: 0| total_upright: 383| total_return: -4772.400
2020-03-26 10:32:23,231 - root - INFO: ep: 274| steps: 384| total_steps: 83497| return_train: -22.000| ep_upright: 0| total_upright: 383| total_return: -4794.400
2020-03-26 10:32:28,687 - root - INFO: ep: 275| steps: 391| total_steps: 83888| return_train: -28.200| ep_upright: 0| total_upright: 383| total_return: -4822.600
2020-03-26 10:32:30,255 - root - INFO: steps 84000, 71.45 steps/s
2020-03-26 10:32:33,245 - root - INFO: ep: 276| steps: 326| total_steps: 84214| return_train: -23.900| ep_upright: 0| total_upright: 383| total_return: -4846.500
2020-03-26 10:32:37,925 - root - INFO: ep: 277| steps: 334| total_steps: 84548| return_train: -19.100| ep_upright: 0| total_upright: 383| total_return: -4865.600
2020-03-26 10:32:44,242 - root - INFO: steps 85000, 71.50 steps/s
2020-03-26 10:32:53,131 - root - INFO: steps 85000, ep_return_test 0.00(0.00)
2020-03-26 10:32:54,920 - root - INFO: ep: 278| steps: 580| total_steps: 85128| return_train: -36.400| ep_upright: 0| total_upright: 383| total_return: -4902.000
2020-03-26 10:33:00,962 - root - INFO: ep: 279| steps: 429| total_steps: 85557| return_train: -27.800| ep_upright: 0| total_upright: 383| total_return: -4929.800
2020-03-26 10:33:04,463 - root - INFO: ep: 280| steps: 249| total_steps: 85806| return_train: -13.100| ep_upright: 0| total_upright: 383| total_return: -4942.900
2020-03-26 10:33:07,200 - root - INFO: steps 86000, 43.56 steps/s
2020-03-26 10:33:07,217 - root - INFO: ep: 281| steps: 195| total_steps: 86001| return_train: -12.000| ep_upright: 0| total_upright: 383| total_return: -4954.900
2020-03-26 10:33:09,912 - root - INFO: ep: 282| steps: 191| total_steps: 86192| return_train: -13.000| ep_upright: 0| total_upright: 383| total_return: -4967.900
2020-03-26 10:33:13,462 - root - INFO: ep: 283| steps: 253| total_steps: 86445| return_train: -16.600| ep_upright: 0| total_upright: 383| total_return: -4984.500
2020-03-26 10:33:15,423 - root - INFO: ep: 284| steps: 139| total_steps: 86584| return_train: -7.500| ep_upright: 0| total_upright: 383| total_return: -4992.000
2020-03-26 10:33:20,628 - root - INFO: ep: 285| steps: 371| total_steps: 86955| return_train: -17.500| ep_upright: 0| total_upright: 383| total_return: -5009.500
2020-03-26 10:33:21,263 - root - INFO: steps 87000, 71.12 steps/s
2020-03-26 10:33:22,392 - root - INFO: ep: 286| steps: 126| total_steps: 87081| return_train: -5.800| ep_upright: 0| total_upright: 383| total_return: -5015.300
2020-03-26 10:33:25,823 - root - INFO: ep: 287| steps: 246| total_steps: 87327| return_train: -15.500| ep_upright: 0| total_upright: 383| total_return: -5030.800
2020-03-26 10:33:30,267 - root - INFO: ep: 288| steps: 316| total_steps: 87643| return_train: -21.000| ep_upright: 0| total_upright: 383| total_return: -5051.800
2020-03-26 10:33:34,076 - root - INFO: ep: 289| steps: 270| total_steps: 87913| return_train: -15.800| ep_upright: 0| total_upright: 383| total_return: -5067.600
2020-03-26 10:33:35,301 - root - INFO: steps 88000, 71.24 steps/s
2020-03-26 10:33:37,501 - root - INFO: ep: 290| steps: 244| total_steps: 88157| return_train: -16.600| ep_upright: 0| total_upright: 383| total_return: -5084.200
2020-03-26 10:33:43,241 - root - INFO: ep: 291| steps: 410| total_steps: 88567| return_train: -19.100| ep_upright: 0| total_upright: 383| total_return: -5103.300
2020-03-26 10:33:47,377 - root - INFO: ep: 292| steps: 295| total_steps: 88862| return_train: -15.800| ep_upright: 0| total_upright: 383| total_return: -5119.100
2020-03-26 10:33:49,311 - root - INFO: steps 89000, 71.38 steps/s
2020-03-26 10:33:50,328 - root - INFO: ep: 293| steps: 210| total_steps: 89072| return_train: -14.400| ep_upright: 0| total_upright: 383| total_return: -5133.500
2020-03-26 10:33:55,119 - root - INFO: ep: 294| steps: 343| total_steps: 89415| return_train: -21.900| ep_upright: 0| total_upright: 383| total_return: -5155.400
2020-03-26 10:33:59,930 - root - INFO: ep: 295| steps: 343| total_steps: 89758| return_train: -18.600| ep_upright: 0| total_upright: 383| total_return: -5174.000
2020-03-26 10:34:03,323 - root - INFO: steps 90000, 71.37 steps/s
2020-03-26 10:34:04,187 - root - INFO: steps 90000, ep_return_test -6.62(0.02)
2020-03-26 10:34:04,893 - root - INFO: ep: 296| steps: 292| total_steps: 90050| return_train: -18.800| ep_upright: 0| total_upright: 383| total_return: -5192.800
2020-03-26 10:34:16,780 - root - INFO: ep: 297| steps: 847| total_steps: 90897| return_train: -46.000| ep_upright: 0| total_upright: 383| total_return: -5238.800
2020-03-26 10:34:18,211 - root - INFO: steps 91000, 67.17 steps/s
2020-03-26 10:34:22,029 - root - INFO: ep: 298| steps: 373| total_steps: 91270| return_train: -27.300| ep_upright: 0| total_upright: 383| total_return: -5266.100
2020-03-26 10:34:24,986 - root - INFO: ep: 299| steps: 209| total_steps: 91479| return_train: -12.700| ep_upright: 0| total_upright: 383| total_return: -5278.800
2020-03-26 10:34:29,006 - root - INFO: ep: 300| steps: 284| total_steps: 91763| return_train: -15.000| ep_upright: 0| total_upright: 383| total_return: -5293.800
2020-03-26 10:34:32,354 - root - INFO: steps 92000, 70.71 steps/s
2020-03-26 10:34:39,361 - root - INFO: ep: 301| steps: 735| total_steps: 92498| return_train: 58.000| ep_upright: 93| total_upright: 476| total_return: -5235.800
2020-03-26 10:34:46,412 - root - INFO: steps 93000, 71.14 steps/s
2020-03-26 10:34:50,915 - root - INFO: ep: 302| steps: 823| total_steps: 93321| return_train: -20.100| ep_upright: 28| total_upright: 504| total_return: -5255.900
2020-03-26 10:34:53,673 - root - INFO: ep: 303| steps: 198| total_steps: 93519| return_train: -12.400| ep_upright: 0| total_upright: 504| total_return: -5268.300
2020-03-26 10:34:55,905 - root - INFO: ep: 304| steps: 160| total_steps: 93679| return_train: -8.000| ep_upright: 0| total_upright: 504| total_return: -5276.300
2020-03-26 10:34:59,924 - root - INFO: ep: 305| steps: 285| total_steps: 93964| return_train: -19.500| ep_upright: 0| total_upright: 504| total_return: -5295.800
2020-03-26 10:35:00,425 - root - INFO: steps 94000, 71.37 steps/s
2020-03-26 10:35:08,217 - root - INFO: ep: 306| steps: 593| total_steps: 94557| return_train: -31.400| ep_upright: 0| total_upright: 504| total_return: -5327.200
2020-03-26 10:35:14,343 - root - INFO: ep: 307| steps: 436| total_steps: 94993| return_train: -26.100| ep_upright: 0| total_upright: 504| total_return: -5353.300
2020-03-26 10:35:14,442 - root - INFO: steps 95000, 71.35 steps/s
2020-03-26 10:35:15,175 - root - INFO: steps 95000, ep_return_test -8.16(0.02)
2020-03-26 10:35:23,742 - root - INFO: ep: 308| steps: 620| total_steps: 95613| return_train: -36.600| ep_upright: 0| total_upright: 504| total_return: -5389.900
2020-03-26 10:35:27,696 - root - INFO: ep: 309| steps: 283| total_steps: 95896| return_train: -16.100| ep_upright: 0| total_upright: 504| total_return: -5406.000
2020-03-26 10:35:29,162 - root - INFO: steps 96000, 67.94 steps/s
2020-03-26 10:35:41,699 - root - INFO: ep: 310| steps: 1001| total_steps: 96897| return_train: -52.400| ep_upright: 9| total_upright: 513| total_return: -5458.400
2020-03-26 10:35:43,128 - root - INFO: steps 97000, 71.61 steps/s
2020-03-26 10:35:47,938 - root - INFO: ep: 311| steps: 445| total_steps: 97342| return_train: -32.900| ep_upright: 0| total_upright: 513| total_return: -5491.300
2020-03-26 10:35:49,956 - root - INFO: ep: 312| steps: 145| total_steps: 97487| return_train: -6.700| ep_upright: 0| total_upright: 513| total_return: -5498.000
2020-03-26 10:35:51,998 - root - INFO: ep: 313| steps: 146| total_steps: 97633| return_train: -7.600| ep_upright: 0| total_upright: 513| total_return: -5505.600
2020-03-26 10:35:53,886 - root - INFO: ep: 314| steps: 135| total_steps: 97768| return_train: -7.300| ep_upright: 0| total_upright: 513| total_return: -5512.900
2020-03-26 10:35:57,109 - root - INFO: steps 98000, 71.53 steps/s
2020-03-26 10:35:59,795 - root - INFO: ep: 315| steps: 425| total_steps: 98193| return_train: -6.800| ep_upright: 16| total_upright: 529| total_return: -5519.700
2020-03-26 10:36:02,970 - root - INFO: ep: 316| steps: 226| total_steps: 98419| return_train: -13.400| ep_upright: 0| total_upright: 529| total_return: -5533.100
2020-03-26 10:36:05,997 - root - INFO: ep: 317| steps: 217| total_steps: 98636| return_train: -10.500| ep_upright: 0| total_upright: 529| total_return: -5543.600
2020-03-26 10:36:09,313 - root - INFO: ep: 318| steps: 235| total_steps: 98871| return_train: -15.700| ep_upright: 0| total_upright: 529| total_return: -5559.300
2020-03-26 10:36:11,133 - root - INFO: steps 99000, 71.31 steps/s
2020-03-26 10:36:13,285 - root - INFO: ep: 319| steps: 281| total_steps: 99152| return_train: -14.600| ep_upright: 0| total_upright: 529| total_return: -5573.900
2020-03-26 10:36:17,058 - root - INFO: ep: 320| steps: 268| total_steps: 99420| return_train: -16.500| ep_upright: 0| total_upright: 529| total_return: -5590.400
2020-03-26 10:36:18,999 - root - INFO: ep: 321| steps: 139| total_steps: 99559| return_train: -10.000| ep_upright: 0| total_upright: 529| total_return: -5600.400
2020-03-26 10:36:22,279 - root - INFO: ep: 322| steps: 234| total_steps: 99793| return_train: -10.800| ep_upright: 0| total_upright: 529| total_return: -5611.200
2020-03-26 10:36:25,189 - root - INFO: steps 100000, 71.15 steps/s
2020-03-26 10:36:34,087 - root - INFO: steps 100000, ep_return_test 0.00(0.00)
2020-03-26 10:36:36,213 - root - INFO: ep: 323| steps: 359| total_steps: 100152| return_train: -24.900| ep_upright: 0| total_upright: 529| total_return: -5636.100
2020-03-26 10:36:40,044 - root - INFO: ep: 324| steps: 275| total_steps: 100427| return_train: -15.200| ep_upright: 0| total_upright: 529| total_return: -5651.300
2020-03-26 10:36:44,092 - root - INFO: ep: 325| steps: 291| total_steps: 100718| return_train: -16.000| ep_upright: 0| total_upright: 529| total_return: -5667.300
2020-03-26 10:36:47,444 - root - INFO: ep: 326| steps: 240| total_steps: 100958| return_train: -10.200| ep_upright: 0| total_upright: 529| total_return: -5677.500
2020-03-26 10:36:48,032 - root - INFO: steps 101000, 43.78 steps/s
2020-03-26 10:36:52,223 - root - INFO: ep: 327| steps: 342| total_steps: 101300| return_train: -17.200| ep_upright: 0| total_upright: 529| total_return: -5694.700
2020-03-26 10:36:54,334 - root - INFO: ep: 328| steps: 151| total_steps: 101451| return_train: -10.300| ep_upright: 0| total_upright: 529| total_return: -5705.000
2020-03-26 10:36:58,807 - root - INFO: ep: 329| steps: 321| total_steps: 101772| return_train: -17.500| ep_upright: 0| total_upright: 529| total_return: -5722.500
2020-03-26 10:37:01,994 - root - INFO: steps 102000, 71.63 steps/s
2020-03-26 10:37:11,055 - root - INFO: ep: 330| steps: 869| total_steps: 102641| return_train: -48.100| ep_upright: 0| total_upright: 529| total_return: -5770.600
2020-03-26 10:37:16,104 - root - INFO: steps 103000, 70.88 steps/s
2020-03-26 10:37:16,206 - root - INFO: ep: 331| steps: 366| total_steps: 103007| return_train: -25.600| ep_upright: 0| total_upright: 529| total_return: -5796.200
2020-03-26 10:37:19,098 - root - INFO: ep: 332| steps: 206| total_steps: 103213| return_train: -13.000| ep_upright: 0| total_upright: 529| total_return: -5809.200
2020-03-26 10:37:24,228 - root - INFO: ep: 333| steps: 367| total_steps: 103580| return_train: -23.300| ep_upright: 0| total_upright: 529| total_return: -5832.500
2020-03-26 10:37:27,831 - root - INFO: ep: 334| steps: 256| total_steps: 103836| return_train: -13.100| ep_upright: 0| total_upright: 529| total_return: -5845.600
2020-03-26 10:37:29,809 - root - INFO: ep: 335| steps: 141| total_steps: 103977| return_train: -10.000| ep_upright: 0| total_upright: 529| total_return: -5855.600
2020-03-26 10:37:30,135 - root - INFO: steps 104000, 71.28 steps/s
2020-03-26 10:37:33,959 - root - INFO: ep: 336| steps: 293| total_steps: 104270| return_train: -17.900| ep_upright: 0| total_upright: 529| total_return: -5873.500
2020-03-26 10:37:35,716 - root - INFO: ep: 337| steps: 124| total_steps: 104394| return_train: -8.700| ep_upright: 0| total_upright: 529| total_return: -5882.200
2020-03-26 10:37:38,137 - root - INFO: ep: 338| steps: 173| total_steps: 104567| return_train: -11.400| ep_upright: 0| total_upright: 529| total_return: -5893.600
2020-03-26 10:37:41,531 - root - INFO: ep: 339| steps: 244| total_steps: 104811| return_train: -14.400| ep_upright: 0| total_upright: 529| total_return: -5908.000
2020-03-26 10:37:44,152 - root - INFO: steps 105000, 71.34 steps/s
2020-03-26 10:37:44,876 - root - INFO: steps 105000, ep_return_test -8.18(0.02)
2020-03-26 10:37:45,888 - root - INFO: ep: 340| steps: 261| total_steps: 105072| return_train: -13.800| ep_upright: 0| total_upright: 529| total_return: -5921.800
2020-03-26 10:37:48,243 - root - INFO: ep: 341| steps: 166| total_steps: 105238| return_train: -9.000| ep_upright: 0| total_upright: 529| total_return: -5930.800
2020-03-26 10:37:52,220 - root - INFO: ep: 342| steps: 285| total_steps: 105523| return_train: -14.000| ep_upright: 0| total_upright: 529| total_return: -5944.800
2020-03-26 10:37:56,858 - root - INFO: ep: 343| steps: 332| total_steps: 105855| return_train: -14.400| ep_upright: 0| total_upright: 529| total_return: -5959.200
2020-03-26 10:37:58,880 - root - INFO: steps 106000, 67.90 steps/s
2020-03-26 10:38:00,488 - root - INFO: ep: 344| steps: 260| total_steps: 106115| return_train: -17.600| ep_upright: 0| total_upright: 529| total_return: -5976.800
2020-03-26 10:38:04,963 - root - INFO: ep: 345| steps: 319| total_steps: 106434| return_train: -19.700| ep_upright: 0| total_upright: 529| total_return: -5996.500
2020-03-26 10:38:12,930 - root - INFO: steps 107000, 71.18 steps/s
2020-03-26 10:38:13,798 - root - INFO: ep: 346| steps: 628| total_steps: 107062| return_train: -16.800| ep_upright: 17| total_upright: 546| total_return: -6013.300
2020-03-26 10:38:18,289 - root - INFO: ep: 347| steps: 319| total_steps: 107381| return_train: -5.200| ep_upright: 14| total_upright: 560| total_return: -6018.500
2020-03-26 10:38:20,286 - root - INFO: ep: 348| steps: 141| total_steps: 107522| return_train: -8.500| ep_upright: 0| total_upright: 560| total_return: -6027.000
2020-03-26 10:38:22,769 - root - INFO: ep: 349| steps: 177| total_steps: 107699| return_train: -10.700| ep_upright: 0| total_upright: 560| total_return: -6037.700
2020-03-26 10:38:27,014 - root - INFO: steps 108000, 71.01 steps/s
2020-03-26 10:38:28,691 - root - INFO: ep: 350| steps: 419| total_steps: 108118| return_train: -19.800| ep_upright: 0| total_upright: 560| total_return: -6057.500
2020-03-26 10:38:36,935 - root - INFO: ep: 351| steps: 586| total_steps: 108704| return_train: -28.100| ep_upright: 0| total_upright: 560| total_return: -6085.600
2020-03-26 10:38:41,060 - root - INFO: steps 109000, 71.20 steps/s
2020-03-26 10:38:41,063 - root - INFO: ep: 352| steps: 296| total_steps: 109000| return_train: -11.700| ep_upright: 0| total_upright: 560| total_return: -6097.300
2020-03-26 10:38:43,904 - root - INFO: ep: 353| steps: 204| total_steps: 109204| return_train: -12.500| ep_upright: 0| total_upright: 560| total_return: -6109.800
2020-03-26 10:38:46,098 - root - INFO: ep: 354| steps: 157| total_steps: 109361| return_train: -7.700| ep_upright: 0| total_upright: 560| total_return: -6117.500
2020-03-26 10:38:47,997 - root - INFO: ep: 355| steps: 136| total_steps: 109497| return_train: -7.800| ep_upright: 0| total_upright: 560| total_return: -6125.300
2020-03-26 10:38:50,378 - root - INFO: ep: 356| steps: 171| total_steps: 109668| return_train: -9.600| ep_upright: 0| total_upright: 560| total_return: -6134.900
2020-03-26 10:38:52,176 - root - INFO: ep: 357| steps: 129| total_steps: 109797| return_train: -6.500| ep_upright: 0| total_upright: 560| total_return: -6141.400
2020-03-26 10:38:55,000 - root - INFO: steps 110000, 71.74 steps/s
2020-03-26 10:39:00,107 - root - INFO: steps 110000, ep_return_test -38.02(0.31)
2020-03-26 10:39:03,906 - root - INFO: ep: 358| steps: 476| total_steps: 110273| return_train: -0.700| ep_upright: 27| total_upright: 587| total_return: -6142.100
2020-03-26 10:39:14,136 - root - INFO: steps 111000, 52.26 steps/s
2020-03-26 10:39:16,422 - root - INFO: ep: 359| steps: 889| total_steps: 111162| return_train: 12.200| ep_upright: 64| total_upright: 651| total_return: -6129.900
2020-03-26 10:39:20,477 - root - INFO: ep: 360| steps: 290| total_steps: 111452| return_train: -15.600| ep_upright: 0| total_upright: 651| total_return: -6145.500
2020-03-26 10:39:23,151 - root - INFO: ep: 361| steps: 191| total_steps: 111643| return_train: -8.000| ep_upright: 0| total_upright: 651| total_return: -6153.500
2020-03-26 10:39:28,053 - root - INFO: ep: 362| steps: 351| total_steps: 111994| return_train: -23.200| ep_upright: 0| total_upright: 651| total_return: -6176.700
2020-03-26 10:39:28,137 - root - INFO: steps 112000, 71.43 steps/s
2020-03-26 10:39:32,832 - root - INFO: ep: 363| steps: 340| total_steps: 112334| return_train: -18.700| ep_upright: 0| total_upright: 651| total_return: -6195.400
2020-03-26 10:39:37,187 - root - INFO: ep: 364| steps: 311| total_steps: 112645| return_train: -18.400| ep_upright: 0| total_upright: 651| total_return: -6213.800
2020-03-26 10:39:42,141 - root - INFO: steps 113000, 71.42 steps/s
2020-03-26 10:39:48,023 - root - INFO: ep: 365| steps: 777| total_steps: 113422| return_train: -41.300| ep_upright: 0| total_upright: 651| total_return: -6255.100
2020-03-26 10:39:53,761 - root - INFO: ep: 366| steps: 408| total_steps: 113830| return_train: -23.400| ep_upright: 0| total_upright: 651| total_return: -6278.500
2020-03-26 10:39:56,148 - root - INFO: steps 114000, 71.40 steps/s
2020-03-26 10:39:56,291 - root - INFO: ep: 367| steps: 180| total_steps: 114010| return_train: -9.700| ep_upright: 0| total_upright: 651| total_return: -6288.200
2020-03-26 10:39:59,614 - root - INFO: ep: 368| steps: 238| total_steps: 114248| return_train: -12.900| ep_upright: 0| total_upright: 651| total_return: -6301.100
2020-03-26 10:40:01,543 - root - INFO: ep: 369| steps: 138| total_steps: 114386| return_train: -8.500| ep_upright: 0| total_upright: 651| total_return: -6309.600
2020-03-26 10:40:06,774 - root - INFO: ep: 370| steps: 373| total_steps: 114759| return_train: -21.300| ep_upright: 0| total_upright: 651| total_return: -6330.900
2020-03-26 10:40:10,176 - root - INFO: steps 115000, 71.29 steps/s
2020-03-26 10:40:19,112 - root - INFO: steps 115000, ep_return_test -0.05(0.02)
2020-03-26 10:40:24,722 - root - INFO: ep: 371| steps: 642| total_steps: 115401| return_train: -24.900| ep_upright: 14| total_upright: 665| total_return: -6355.800
2020-03-26 10:40:32,167 - root - INFO: ep: 372| steps: 532| total_steps: 115933| return_train: -36.100| ep_upright: 0| total_upright: 665| total_return: -6391.900
2020-03-26 10:40:33,116 - root - INFO: steps 116000, 43.59 steps/s
2020-03-26 10:40:34,915 - root - INFO: ep: 373| steps: 192| total_steps: 116125| return_train: -12.900| ep_upright: 0| total_upright: 665| total_return: -6404.800
2020-03-26 10:40:38,210 - root - INFO: ep: 374| steps: 229| total_steps: 116354| return_train: -0.900| ep_upright: 10| total_upright: 675| total_return: -6405.700
2020-03-26 10:40:40,403 - root - INFO: ep: 375| steps: 155| total_steps: 116509| return_train: -10.700| ep_upright: 0| total_upright: 675| total_return: -6416.400
2020-03-26 10:40:42,476 - root - INFO: ep: 376| steps: 145| total_steps: 116654| return_train: -10.500| ep_upright: 0| total_upright: 675| total_return: -6426.900
2020-03-26 10:40:47,482 - root - INFO: steps 117000, 69.62 steps/s
2020-03-26 10:40:47,672 - root - INFO: ep: 377| steps: 359| total_steps: 117013| return_train: -20.600| ep_upright: 0| total_upright: 675| total_return: -6447.500
2020-03-26 10:40:52,034 - root - INFO: ep: 378| steps: 299| total_steps: 117312| return_train: -13.700| ep_upright: 0| total_upright: 675| total_return: -6461.200
2020-03-26 10:40:54,881 - root - INFO: ep: 379| steps: 195| total_steps: 117507| return_train: -9.900| ep_upright: 0| total_upright: 675| total_return: -6471.100
2020-03-26 10:41:00,273 - root - INFO: ep: 380| steps: 372| total_steps: 117879| return_train: -8.200| ep_upright: 15| total_upright: 690| total_return: -6479.300
2020-03-26 10:41:02,026 - root - INFO: steps 118000, 68.76 steps/s
2020-03-26 10:41:07,190 - root - INFO: ep: 381| steps: 477| total_steps: 118356| return_train: 10.300| ep_upright: 38| total_upright: 728| total_return: -6469.000
2020-03-26 10:41:09,385 - root - INFO: ep: 382| steps: 152| total_steps: 118508| return_train: -11.100| ep_upright: 0| total_upright: 728| total_return: -6480.100
2020-03-26 10:41:11,528 - root - INFO: ep: 383| steps: 151| total_steps: 118659| return_train: -9.700| ep_upright: 0| total_upright: 728| total_return: -6489.800
2020-03-26 10:41:16,244 - root - INFO: ep: 384| steps: 333| total_steps: 118992| return_train: -16.600| ep_upright: 0| total_upright: 728| total_return: -6506.400
2020-03-26 10:41:16,357 - root - INFO: steps 119000, 69.78 steps/s
2020-03-26 10:41:18,131 - root - INFO: ep: 385| steps: 134| total_steps: 119126| return_train: -6.600| ep_upright: 0| total_upright: 728| total_return: -6513.000
2020-03-26 10:41:22,447 - root - INFO: ep: 386| steps: 310| total_steps: 119436| return_train: -14.600| ep_upright: 0| total_upright: 728| total_return: -6527.600
2020-03-26 10:41:26,442 - root - INFO: ep: 387| steps: 286| total_steps: 119722| return_train: -12.800| ep_upright: 0| total_upright: 728| total_return: -6540.400
2020-03-26 10:41:29,628 - root - INFO: ep: 388| steps: 228| total_steps: 119950| return_train: -16.600| ep_upright: 0| total_upright: 728| total_return: -6557.000
2020-03-26 10:41:30,336 - root - INFO: steps 120000, 71.54 steps/s
2020-03-26 10:41:39,147 - root - INFO: steps 120000, ep_return_test 0.00(0.00)
2020-03-26 10:41:40,786 - root - INFO: ep: 389| steps: 167| total_steps: 120117| return_train: -10.100| ep_upright: 0| total_upright: 728| total_return: -6567.100
2020-03-26 10:41:43,158 - root - INFO: ep: 390| steps: 170| total_steps: 120287| return_train: -10.400| ep_upright: 0| total_upright: 728| total_return: -6577.500
2020-03-26 10:41:50,396 - root - INFO: ep: 391| steps: 519| total_steps: 120806| return_train: -22.400| ep_upright: 0| total_upright: 728| total_return: -6599.900
2020-03-26 10:41:53,094 - root - INFO: steps 121000, 43.94 steps/s
2020-03-26 10:41:55,853 - root - INFO: ep: 392| steps: 392| total_steps: 121198| return_train: -19.900| ep_upright: 0| total_upright: 728| total_return: -6619.800
2020-03-26 10:42:04,776 - root - INFO: ep: 393| steps: 639| total_steps: 121837| return_train: -31.900| ep_upright: 0| total_upright: 728| total_return: -6651.700
2020-03-26 10:42:07,044 - root - INFO: steps 122000, 71.69 steps/s
2020-03-26 10:42:18,756 - root - INFO: ep: 394| steps: 1001| total_steps: 122838| return_train: -31.900| ep_upright: 15| total_upright: 743| total_return: -6683.600
2020-03-26 10:42:21,086 - root - INFO: steps 123000, 71.22 steps/s
2020-03-26 10:42:23,661 - root - INFO: ep: 395| steps: 339| total_steps: 123177| return_train: -18.700| ep_upright: 0| total_upright: 743| total_return: -6702.300
2020-03-26 10:42:27,378 - root - INFO: ep: 396| steps: 261| total_steps: 123438| return_train: -16.800| ep_upright: 0| total_upright: 743| total_return: -6719.100
2020-03-26 10:42:32,066 - root - INFO: ep: 397| steps: 325| total_steps: 123763| return_train: -24.100| ep_upright: 0| total_upright: 743| total_return: -6743.200
2020-03-26 10:42:35,513 - root - INFO: steps 124000, 69.32 steps/s
2020-03-26 10:42:37,378 - root - INFO: ep: 398| steps: 364| total_steps: 124127| return_train: -21.100| ep_upright: 0| total_upright: 743| total_return: -6764.300
2020-03-26 10:42:39,572 - root - INFO: ep: 399| steps: 150| total_steps: 124277| return_train: -7.900| ep_upright: 0| total_upright: 743| total_return: -6772.200
2020-03-26 10:42:48,479 - root - INFO: ep: 400| steps: 612| total_steps: 124889| return_train: -31.300| ep_upright: 4| total_upright: 747| total_return: -6803.500
2020-03-26 10:42:50,100 - root - INFO: steps 125000, 68.56 steps/s
2020-03-26 10:42:59,078 - root - INFO: steps 125000, ep_return_test 0.00(0.00)
2020-03-26 10:43:01,214 - root - INFO: ep: 401| steps: 260| total_steps: 125149| return_train: -16.300| ep_upright: 0| total_upright: 747| total_return: -6819.800
2020-03-26 10:43:02,663 - root - INFO: ep: 402| steps: 101| total_steps: 125250| return_train: -6.000| ep_upright: 0| total_upright: 747| total_return: -6825.800
2020-03-26 10:43:04,599 - root - INFO: ep: 403| steps: 135| total_steps: 125385| return_train: -9.100| ep_upright: 0| total_upright: 747| total_return: -6834.900
2020-03-26 10:43:07,549 - root - INFO: ep: 404| steps: 206| total_steps: 125591| return_train: -12.700| ep_upright: 0| total_upright: 747| total_return: -6847.600
2020-03-26 10:43:09,988 - root - INFO: ep: 405| steps: 171| total_steps: 125762| return_train: -11.900| ep_upright: 0| total_upright: 747| total_return: -6859.500
2020-03-26 10:43:13,382 - root - INFO: steps 126000, 42.95 steps/s
2020-03-26 10:43:13,599 - root - INFO: ep: 406| steps: 253| total_steps: 126015| return_train: -13.600| ep_upright: 0| total_upright: 747| total_return: -6873.100
2020-03-26 10:43:17,437 - root - INFO: ep: 407| steps: 268| total_steps: 126283| return_train: -18.500| ep_upright: 0| total_upright: 747| total_return: -6891.600
2020-03-26 10:43:22,298 - root - INFO: ep: 408| steps: 340| total_steps: 126623| return_train: -16.600| ep_upright: 0| total_upright: 747| total_return: -6908.200
2020-03-26 10:43:25,136 - root - INFO: ep: 409| steps: 198| total_steps: 126821| return_train: -9.000| ep_upright: 0| total_upright: 747| total_return: -6917.200
2020-03-26 10:43:27,703 - root - INFO: steps 127000, 69.83 steps/s
2020-03-26 10:43:28,808 - root - INFO: ep: 410| steps: 256| total_steps: 127077| return_train: 1.000| ep_upright: 13| total_upright: 760| total_return: -6916.200
2020-03-26 10:43:34,213 - root - INFO: ep: 411| steps: 378| total_steps: 127455| return_train: -25.200| ep_upright: 0| total_upright: 760| total_return: -6941.400
2020-03-26 10:43:38,377 - root - INFO: ep: 412| steps: 291| total_steps: 127746| return_train: -15.900| ep_upright: 0| total_upright: 760| total_return: -6957.300
2020-03-26 10:43:42,002 - root - INFO: steps 128000, 69.94 steps/s
2020-03-26 10:43:44,815 - root - INFO: ep: 413| steps: 449| total_steps: 128195| return_train: 2.100| ep_upright: 30| total_upright: 790| total_return: -6955.200
2020-03-26 10:43:50,713 - root - INFO: ep: 414| steps: 416| total_steps: 128611| return_train: -23.100| ep_upright: 0| total_upright: 790| total_return: -6978.300
2020-03-26 10:43:54,106 - root - INFO: ep: 415| steps: 238| total_steps: 128849| return_train: -11.100| ep_upright: 0| total_upright: 790| total_return: -6989.400
2020-03-26 10:43:56,256 - root - INFO: steps 129000, 70.16 steps/s
2020-03-26 10:43:58,299 - root - INFO: ep: 416| steps: 294| total_steps: 129143| return_train: -18.800| ep_upright: 0| total_upright: 790| total_return: -7008.200
2020-03-26 10:44:02,026 - root - INFO: ep: 417| steps: 261| total_steps: 129404| return_train: -14.100| ep_upright: 0| total_upright: 790| total_return: -7022.300
2020-03-26 10:44:07,940 - root - INFO: ep: 418| steps: 418| total_steps: 129822| return_train: -8.700| ep_upright: 13| total_upright: 803| total_return: -7031.000
2020-03-26 10:44:10,459 - root - INFO: steps 130000, 70.42 steps/s
2020-03-26 10:44:11,847 - root - INFO: steps 130000, ep_return_test -10.43(0.13)
2020-03-26 10:44:12,506 - root - INFO: ep: 419| steps: 224| total_steps: 130046| return_train: -16.800| ep_upright: 0| total_upright: 803| total_return: -7047.800
2020-03-26 10:44:17,662 - root - INFO: ep: 420| steps: 364| total_steps: 130410| return_train: -14.400| ep_upright: 0| total_upright: 803| total_return: -7062.200
2020-03-26 10:44:26,162 - root - INFO: steps 131000, 63.69 steps/s
2020-03-26 10:44:27,775 - root - INFO: ep: 421| steps: 701| total_steps: 131111| return_train: -10.000| ep_upright: 27| total_upright: 830| total_return: -7072.200
2020-03-26 10:44:32,325 - root - INFO: ep: 422| steps: 311| total_steps: 131422| return_train: -20.100| ep_upright: 0| total_upright: 830| total_return: -7092.300
2020-03-26 10:44:35,478 - root - INFO: ep: 423| steps: 217| total_steps: 131639| return_train: -16.000| ep_upright: 0| total_upright: 830| total_return: -7108.300
2020-03-26 10:44:38,000 - root - INFO: ep: 424| steps: 174| total_steps: 131813| return_train: -9.100| ep_upright: 0| total_upright: 830| total_return: -7117.400
2020-03-26 10:44:40,700 - root - INFO: steps 132000, 68.79 steps/s
2020-03-26 10:44:43,078 - root - INFO: ep: 425| steps: 351| total_steps: 132164| return_train: 4.500| ep_upright: 25| total_upright: 855| total_return: -7112.900
2020-03-26 10:44:48,056 - root - INFO: ep: 426| steps: 344| total_steps: 132508| return_train: -18.000| ep_upright: 0| total_upright: 855| total_return: -7130.900
2020-03-26 10:44:54,173 - root - INFO: ep: 427| steps: 429| total_steps: 132937| return_train: -11.700| ep_upright: 17| total_upright: 872| total_return: -7142.600
2020-03-26 10:44:55,071 - root - INFO: steps 133000, 69.59 steps/s
2020-03-26 10:44:56,341 - root - INFO: ep: 428| steps: 152| total_steps: 133089| return_train: -4.700| ep_upright: 0| total_upright: 872| total_return: -7147.300
2020-03-26 10:44:59,541 - root - INFO: ep: 429| steps: 224| total_steps: 133313| return_train: -13.900| ep_upright: 0| total_upright: 872| total_return: -7161.200
2020-03-26 10:45:02,955 - root - INFO: ep: 430| steps: 239| total_steps: 133552| return_train: -1.900| ep_upright: 14| total_upright: 886| total_return: -7163.100
2020-03-26 10:45:07,215 - root - INFO: ep: 431| steps: 297| total_steps: 133849| return_train: -19.900| ep_upright: 0| total_upright: 886| total_return: -7183.000
2020-03-26 10:45:09,365 - root - INFO: steps 134000, 69.97 steps/s
2020-03-26 10:45:13,356 - root - INFO: ep: 432| steps: 431| total_steps: 134280| return_train: -28.500| ep_upright: 0| total_upright: 886| total_return: -7211.500
2020-03-26 10:45:15,582 - root - INFO: ep: 433| steps: 155| total_steps: 134435| return_train: -10.300| ep_upright: 0| total_upright: 886| total_return: -7221.800
2020-03-26 10:45:21,887 - root - INFO: ep: 434| steps: 442| total_steps: 134877| return_train: -30.900| ep_upright: 0| total_upright: 886| total_return: -7252.700
2020-03-26 10:45:23,634 - root - INFO: steps 135000, 70.09 steps/s
2020-03-26 10:45:29,172 - root - INFO: steps 135000, ep_return_test -8.03(0.06)
2020-03-26 10:45:32,749 - root - INFO: ep: 435| steps: 374| total_steps: 135251| return_train: 5.800| ep_upright: 21| total_upright: 907| total_return: -7246.900
2020-03-26 10:45:35,579 - root - INFO: ep: 436| steps: 199| total_steps: 135450| return_train: -11.300| ep_upright: 0| total_upright: 907| total_return: -7258.200
2020-03-26 10:45:41,306 - root - INFO: ep: 437| steps: 402| total_steps: 135852| return_train: -17.700| ep_upright: 0| total_upright: 907| total_return: -7275.900
2020-03-26 10:45:43,413 - root - INFO: steps 136000, 50.56 steps/s
2020-03-26 10:45:55,566 - root - INFO: ep: 438| steps: 1001| total_steps: 136853| return_train: -11.700| ep_upright: 18| total_upright: 925| total_return: -7287.600
2020-03-26 10:45:57,657 - root - INFO: steps 137000, 70.21 steps/s
2020-03-26 10:46:00,189 - root - INFO: ep: 439| steps: 325| total_steps: 137178| return_train: -20.700| ep_upright: 0| total_upright: 925| total_return: -7308.300
2020-03-26 10:46:03,307 - root - INFO: ep: 440| steps: 219| total_steps: 137397| return_train: -12.100| ep_upright: 0| total_upright: 925| total_return: -7320.400
2020-03-26 10:46:06,875 - root - INFO: ep: 441| steps: 251| total_steps: 137648| return_train: -16.400| ep_upright: 0| total_upright: 925| total_return: -7336.800
2020-03-26 10:46:11,284 - root - INFO: ep: 442| steps: 310| total_steps: 137958| return_train: -18.900| ep_upright: 0| total_upright: 925| total_return: -7355.700
2020-03-26 10:46:11,880 - root - INFO: steps 138000, 70.31 steps/s
2020-03-26 10:46:14,601 - root - INFO: ep: 443| steps: 233| total_steps: 138191| return_train: -15.000| ep_upright: 0| total_upright: 925| total_return: -7370.700
2020-03-26 10:46:19,342 - root - INFO: ep: 444| steps: 333| total_steps: 138524| return_train: -11.300| ep_upright: 0| total_upright: 925| total_return: -7382.000
2020-03-26 10:46:21,602 - root - INFO: ep: 445| steps: 158| total_steps: 138682| return_train: -10.700| ep_upright: 0| total_upright: 925| total_return: -7392.700
2020-03-26 10:46:24,940 - root - INFO: ep: 446| steps: 234| total_steps: 138916| return_train: -12.800| ep_upright: 0| total_upright: 925| total_return: -7405.500
2020-03-26 10:46:26,169 - root - INFO: steps 139000, 69.99 steps/s
2020-03-26 10:46:30,048 - root - INFO: ep: 447| steps: 355| total_steps: 139271| return_train: -16.900| ep_upright: 0| total_upright: 925| total_return: -7422.400
2020-03-26 10:46:36,900 - root - INFO: ep: 448| steps: 480| total_steps: 139751| return_train: -25.100| ep_upright: 0| total_upright: 925| total_return: -7447.500
2020-03-26 10:46:39,244 - root - INFO: ep: 449| steps: 165| total_steps: 139916| return_train: -9.100| ep_upright: 0| total_upright: 925| total_return: -7456.600
2020-03-26 10:46:40,440 - root - INFO: steps 140000, 70.08 steps/s
2020-03-26 10:46:41,458 - root - INFO: steps 140000, ep_return_test -5.84(0.03)
2020-03-26 10:46:45,572 - root - INFO: ep: 450| steps: 372| total_steps: 140288| return_train: -22.800| ep_upright: 0| total_upright: 925| total_return: -7479.400
2020-03-26 10:46:48,302 - root - INFO: ep: 451| steps: 191| total_steps: 140479| return_train: -11.400| ep_upright: 0| total_upright: 925| total_return: -7490.800
2020-03-26 10:46:51,505 - root - INFO: ep: 452| steps: 226| total_steps: 140705| return_train: -16.500| ep_upright: 0| total_upright: 925| total_return: -7507.300
2020-03-26 10:46:55,170 - root - INFO: ep: 453| steps: 259| total_steps: 140964| return_train: -16.900| ep_upright: 0| total_upright: 925| total_return: -7524.200
2020-03-26 10:46:55,679 - root - INFO: steps 141000, 65.63 steps/s
2020-03-26 10:47:01,870 - root - INFO: ep: 454| steps: 467| total_steps: 141431| return_train: 3.900| ep_upright: 24| total_upright: 949| total_return: -7520.300
2020-03-26 10:47:08,507 - root - INFO: ep: 455| steps: 457| total_steps: 141888| return_train: 1.700| ep_upright: 26| total_upright: 975| total_return: -7518.600
2020-03-26 10:47:10,132 - root - INFO: steps 142000, 69.19 steps/s
2020-03-26 10:47:15,028 - root - INFO: ep: 456| steps: 447| total_steps: 142335| return_train: -28.300| ep_upright: 0| total_upright: 975| total_return: -7546.900
2020-03-26 10:47:19,764 - root - INFO: ep: 457| steps: 327| total_steps: 142662| return_train: -27.800| ep_upright: 0| total_upright: 975| total_return: -7574.700
2020-03-26 10:47:22,669 - root - INFO: ep: 458| steps: 200| total_steps: 142862| return_train: -12.700| ep_upright: 0| total_upright: 975| total_return: -7587.400
2020-03-26 10:47:24,677 - root - INFO: steps 143000, 68.76 steps/s
2020-03-26 10:47:30,602 - root - INFO: ep: 459| steps: 544| total_steps: 143406| return_train: -30.000| ep_upright: 0| total_upright: 975| total_return: -7617.400
2020-03-26 10:47:33,980 - root - INFO: ep: 460| steps: 232| total_steps: 143638| return_train: -17.200| ep_upright: 0| total_upright: 975| total_return: -7634.600
2020-03-26 10:47:36,311 - root - INFO: ep: 461| steps: 160| total_steps: 143798| return_train: -11.500| ep_upright: 0| total_upright: 975| total_return: -7646.100
2020-03-26 10:47:39,265 - root - INFO: steps 144000, 68.56 steps/s
2020-03-26 10:47:39,978 - root - INFO: ep: 462| steps: 251| total_steps: 144049| return_train: -17.600| ep_upright: 0| total_upright: 975| total_return: -7663.700
2020-03-26 10:47:42,680 - root - INFO: ep: 463| steps: 187| total_steps: 144236| return_train: -10.000| ep_upright: 0| total_upright: 975| total_return: -7673.700
2020-03-26 10:47:50,155 - root - INFO: ep: 464| steps: 512| total_steps: 144748| return_train: -22.500| ep_upright: 14| total_upright: 989| total_return: -7696.200
2020-03-26 10:47:53,826 - root - INFO: steps 145000, 68.68 steps/s
2020-03-26 10:47:56,859 - root - INFO: steps 145000, ep_return_test -27.80(0.34)
2020-03-26 10:47:57,178 - root - INFO: ep: 465| steps: 274| total_steps: 145022| return_train: -18.300| ep_upright: 0| total_upright: 989| total_return: -7714.500
2020-03-26 10:48:02,222 - root - INFO: ep: 466| steps: 355| total_steps: 145377| return_train: -18.600| ep_upright: 0| total_upright: 989| total_return: -7733.100
2020-03-26 10:48:05,090 - root - INFO: ep: 467| steps: 202| total_steps: 145579| return_train: -6.900| ep_upright: 0| total_upright: 989| total_return: -7740.000
2020-03-26 10:48:08,223 - root - INFO: ep: 468| steps: 219| total_steps: 145798| return_train: -11.900| ep_upright: 0| total_upright: 989| total_return: -7751.900
2020-03-26 10:48:11,113 - root - INFO: steps 146000, 57.85 steps/s
2020-03-26 10:48:13,065 - root - INFO: ep: 469| steps: 338| total_steps: 146136| return_train: -8.700| ep_upright: 12| total_upright: 1001| total_return: -7760.600
2020-03-26 10:48:15,085 - root - INFO: ep: 470| steps: 141| total_steps: 146277| return_train: -8.700| ep_upright: 0| total_upright: 1001| total_return: -7769.300
2020-03-26 10:48:17,656 - root - INFO: ep: 471| steps: 179| total_steps: 146456| return_train: -9.700| ep_upright: 0| total_upright: 1001| total_return: -7779.000
2020-03-26 10:48:24,763 - root - INFO: ep: 472| steps: 497| total_steps: 146953| return_train: -12.200| ep_upright: 14| total_upright: 1015| total_return: -7791.200
2020-03-26 10:48:25,437 - root - INFO: steps 147000, 69.82 steps/s
2020-03-26 10:48:29,583 - root - INFO: ep: 473| steps: 335| total_steps: 147288| return_train: -16.200| ep_upright: 0| total_upright: 1015| total_return: -7807.400
2020-03-26 10:48:34,225 - root - INFO: ep: 474| steps: 324| total_steps: 147612| return_train: -15.800| ep_upright: 0| total_upright: 1015| total_return: -7823.200
2020-03-26 10:48:36,889 - root - INFO: ep: 475| steps: 186| total_steps: 147798| return_train: -8.500| ep_upright: 0| total_upright: 1015| total_return: -7831.700
2020-03-26 10:48:39,768 - root - INFO: steps 148000, 69.78 steps/s
2020-03-26 10:48:44,350 - root - INFO: ep: 476| steps: 524| total_steps: 148322| return_train: 1.100| ep_upright: 36| total_upright: 1051| total_return: -7830.600
2020-03-26 10:48:46,634 - root - INFO: ep: 477| steps: 160| total_steps: 148482| return_train: -7.300| ep_upright: 0| total_upright: 1051| total_return: -7837.900
2020-03-26 10:48:51,058 - root - INFO: ep: 478| steps: 310| total_steps: 148792| return_train: -15.200| ep_upright: 0| total_upright: 1051| total_return: -7853.100
2020-03-26 10:48:54,028 - root - INFO: steps 149000, 70.13 steps/s
2020-03-26 10:48:55,018 - root - INFO: ep: 479| steps: 277| total_steps: 149069| return_train: -13.600| ep_upright: 0| total_upright: 1051| total_return: -7866.700
2020-03-26 10:49:06,502 - root - INFO: ep: 480| steps: 801| total_steps: 149870| return_train: 53.400| ep_upright: 93| total_upright: 1144| total_return: -7813.300
2020-03-26 10:49:08,372 - root - INFO: steps 150000, 69.73 steps/s
2020-03-26 10:49:17,338 - root - INFO: steps 150000, ep_return_test 0.00(0.00)
2020-03-26 10:49:17,805 - root - INFO: ep: 481| steps: 162| total_steps: 150032| return_train: -7.200| ep_upright: 0| total_upright: 1144| total_return: -7820.500
2020-03-26 10:49:21,160 - root - INFO: ep: 482| steps: 234| total_steps: 150266| return_train: -12.700| ep_upright: 0| total_upright: 1144| total_return: -7833.200
2020-03-26 10:49:23,654 - root - INFO: ep: 483| steps: 174| total_steps: 150440| return_train: -11.200| ep_upright: 0| total_upright: 1144| total_return: -7844.400
2020-03-26 10:49:28,096 - root - INFO: ep: 484| steps: 310| total_steps: 150750| return_train: -16.300| ep_upright: 0| total_upright: 1144| total_return: -7860.700
2020-03-26 10:49:31,105 - root - INFO: ep: 485| steps: 211| total_steps: 150961| return_train: -16.400| ep_upright: 0| total_upright: 1144| total_return: -7877.100
2020-03-26 10:49:31,660 - root - INFO: steps 151000, 42.94 steps/s
2020-03-26 10:49:33,166 - root - INFO: ep: 486| steps: 145| total_steps: 151106| return_train: -8.200| ep_upright: 0| total_upright: 1144| total_return: -7885.300
2020-03-26 10:49:36,615 - root - INFO: ep: 487| steps: 241| total_steps: 151347| return_train: -12.200| ep_upright: 0| total_upright: 1144| total_return: -7897.500
2020-03-26 10:49:40,420 - root - INFO: ep: 488| steps: 265| total_steps: 151612| return_train: -18.300| ep_upright: 0| total_upright: 1144| total_return: -7915.800
2020-03-26 10:49:45,948 - root - INFO: steps 152000, 69.99 steps/s
2020-03-26 10:49:46,463 - root - INFO: ep: 489| steps: 424| total_steps: 152036| return_train: -20.500| ep_upright: 0| total_upright: 1144| total_return: -7936.300
2020-03-26 10:49:48,668 - root - INFO: ep: 490| steps: 155| total_steps: 152191| return_train: -7.600| ep_upright: 0| total_upright: 1144| total_return: -7943.900
2020-03-26 10:49:53,290 - root - INFO: ep: 491| steps: 325| total_steps: 152516| return_train: -21.500| ep_upright: 0| total_upright: 1144| total_return: -7965.400
2020-03-26 10:50:00,062 - root - INFO: ep: 492| steps: 474| total_steps: 152990| return_train: -35.800| ep_upright: 0| total_upright: 1144| total_return: -8001.200
2020-03-26 10:50:00,205 - root - INFO: steps 153000, 70.15 steps/s
2020-03-26 10:50:02,558 - root - INFO: ep: 493| steps: 175| total_steps: 153165| return_train: -11.700| ep_upright: 0| total_upright: 1144| total_return: -8012.900
2020-03-26 10:50:04,979 - root - INFO: ep: 494| steps: 170| total_steps: 153335| return_train: -13.200| ep_upright: 0| total_upright: 1144| total_return: -8026.100
2020-03-26 10:50:09,131 - root - INFO: ep: 495| steps: 290| total_steps: 153625| return_train: -17.400| ep_upright: 0| total_upright: 1144| total_return: -8043.500
2020-03-26 10:50:11,579 - root - INFO: ep: 496| steps: 171| total_steps: 153796| return_train: -7.800| ep_upright: 0| total_upright: 1144| total_return: -8051.300
2020-03-26 10:50:14,525 - root - INFO: steps 154000, 69.84 steps/s
2020-03-26 10:50:22,784 - root - INFO: ep: 497| steps: 781| total_steps: 154577| return_train: 103.900| ep_upright: 151| total_upright: 1295| total_return: -7947.400
2020-03-26 10:50:26,625 - root - INFO: ep: 498| steps: 267| total_steps: 154844| return_train: -15.100| ep_upright: 0| total_upright: 1295| total_return: -7962.500
2020-03-26 10:50:28,839 - root - INFO: steps 155000, 69.87 steps/s
2020-03-26 10:50:29,642 - root - INFO: steps 155000, ep_return_test -6.33(0.02)
2020-03-26 10:50:29,988 - root - INFO: ep: 499| steps: 180| total_steps: 155024| return_train: -12.600| ep_upright: 0| total_upright: 1295| total_return: -7975.100
2020-03-26 10:50:41,573 - root - INFO: ep: 500| steps: 828| total_steps: 155852| return_train: -49.800| ep_upright: 0| total_upright: 1295| total_return: -8024.900
slurmstepd: error: *** JOB 2169 ON compute-dgx2-4 CANCELLED AT 2020-03-26T10:50:42 ***
